;  LST file generated by mikroListExporter - v.2.0 
; Date/Time: 02/06/2023 9:48:28 PM
;----------------------------------------------

;Address Opcode 	ASM
0x0000	0x2D47      	GOTO       1351
_interrupt:
0x0004	0x00FF      	MOVWF      R15
0x0005	0x0E03      	SWAPF      STATUS, 0
0x0006	0x0183      	CLRF       STATUS
0x0007	0x00D3      	MOVWF      ___saveSTATUS
0x0008	0x080A      	MOVF       PCLATH, 0
0x0009	0x00D4      	MOVWF      ___savePCLATH
0x000A	0x018A      	CLRF       PCLATH
0x000B	0x0870      	MOVF       R0, 0
0x000C	0x00A5      	MOVWF      37
0x000D	0x0871      	MOVF       R1, 0
0x000E	0x00A4      	MOVWF      36
0x000F	0x0872      	MOVF       R2, 0
0x0010	0x00A3      	MOVWF      35
0x0011	0x087C      	MOVF       R12, 0
0x0012	0x00A2      	MOVWF      34
0x0013	0x087D      	MOVF       R13, 0
0x0014	0x00A1      	MOVWF      33
0x0015	0x0804      	MOVF       FSR, 0
0x0016	0x00A6      	MOVWF      38
;laserShooting.c,22 :: 		void interrupt(void){
;laserShooting.c,23 :: 		if(INTCON&0x04){// will get here every 1ms
0x0017	0x1D0B      	BTFSS      INTCON, 2
0x0018	0x2836      	GOTO       L_interrupt0
;laserShooting.c,24 :: 		TMR0=248;
0x0019	0x30F8      	MOVLW      248
0x001A	0x0081      	MOVWF      TMR0
;laserShooting.c,25 :: 		Dcntr++;
0x001B	0x0AB0      	INCF       _Dcntr, 1
0x001C	0x1903      	BTFSC      STATUS, 2
0x001D	0x0AB1      	INCF       _Dcntr+1, 1
;laserShooting.c,26 :: 		if(Dcntr==10000){//after 10s
0x001E	0x0831      	MOVF       _Dcntr+1, 0
0x001F	0x3A27      	XORLW      39
0x0020	0x1D03      	BTFSS      STATUS, 2
0x0021	0x2824      	GOTO       L__interrupt60
0x0022	0x3010      	MOVLW      16
0x0023	0x0630      	XORWF      _Dcntr, 0
L__interrupt60:
0x0024	0x1D03      	BTFSS      STATUS, 2
0x0025	0x2834      	GOTO       L_interrupt1
;laserShooting.c,27 :: 		Dcntr=0;
0x0026	0x01B0      	CLRF       _Dcntr
0x0027	0x01B1      	CLRF       _Dcntr+1
;laserShooting.c,28 :: 		PORTC=PORTC|0x10;
0x0028	0x1607      	BSF        PORTC, 4
;laserShooting.c,29 :: 		PORTB=0;
0x0029	0x0186      	CLRF       PORTB
;laserShooting.c,30 :: 		Lcd_Cmd(_LCD_CLEAR);
0x002A	0x3001      	MOVLW      1
0x002B	0x00E3      	MOVWF      FARG_Lcd_Cmd_out_char
0x002C	0x20AC      	CALL       _Lcd_Cmd
;laserShooting.c,31 :: 		asm sleep;
0x002D	0x0063      	SLEEP
;laserShooting.c,32 :: 		PORTC=0;
0x002E	0x0187      	CLRF       PORTC
;laserShooting.c,33 :: 		PORTA=0;
0x002F	0x0185      	CLRF       PORTA
;laserShooting.c,34 :: 		Lcd_Cmd( _LCD_TURN_OFF);
0x0030	0x3008      	MOVLW      8
0x0031	0x00E3      	MOVWF      FARG_Lcd_Cmd_out_char
0x0032	0x20AC      	CALL       _Lcd_Cmd
;laserShooting.c,35 :: 		while(1){}
L_interrupt2:
0x0033	0x2833      	GOTO       L_interrupt2
;laserShooting.c,39 :: 		}
L_interrupt1:
;laserShooting.c,40 :: 		INTCON = INTCON & 0xFB; //clear T0IF
0x0034	0x30FB      	MOVLW      251
0x0035	0x058B      	ANDWF      INTCON, 1
;laserShooting.c,41 :: 		}
L_interrupt0:
;laserShooting.c,44 :: 		if(PIR1&0x01){//TMR1 ovwerflow
0x0036	0x1C0C      	BTFSS      PIR1, 0
0x0037	0x283D      	GOTO       L_interrupt4
;laserShooting.c,46 :: 		T1overflow++;
0x0038	0x0AC3      	INCF       _T1overflow, 1
0x0039	0x1903      	BTFSC      STATUS, 2
0x003A	0x0AC4      	INCF       _T1overflow+1, 1
;laserShooting.c,48 :: 		PIR1=PIR1&0xFE;
0x003B	0x30FE      	MOVLW      254
0x003C	0x058C      	ANDWF      PIR1, 1
;laserShooting.c,49 :: 		}
L_interrupt4:
;laserShooting.c,51 :: 		if(INTCON&0x02){//External Interrupt
0x003D	0x1C8B      	BTFSS      INTCON, 1
0x003E	0x2882      	GOTO       L_interrupt5
;laserShooting.c,53 :: 		PORTC = PORTC|0x20;
0x003F	0x1687      	BSF        PORTC, 5
;laserShooting.c,54 :: 		delay_ms(100);
0x0040	0x3002      	MOVLW      2
0x0041	0x00FB      	MOVWF      R11
0x0042	0x3004      	MOVLW      4
0x0043	0x00FC      	MOVWF      R12
0x0044	0x30BA      	MOVLW      186
0x0045	0x00FD      	MOVWF      R13
L_interrupt6:
0x0046	0x0BFD      	DECFSZ     R13, 1
0x0047	0x2846      	GOTO       L_interrupt6
0x0048	0x0BFC      	DECFSZ     R12, 1
0x0049	0x2846      	GOTO       L_interrupt6
0x004A	0x0BFB      	DECFSZ     R11, 1
0x004B	0x2846      	GOTO       L_interrupt6
0x004C	0x0000      	NOP
;laserShooting.c,56 :: 		if(PORTB==0x05 || PORTB==0x04){
0x004D	0x0806      	MOVF       PORTB, 0
0x004E	0x3A05      	XORLW      5
0x004F	0x1903      	BTFSC      STATUS, 2
0x0050	0x2856      	GOTO       L__interrupt57
0x0051	0x0806      	MOVF       PORTB, 0
0x0052	0x3A04      	XORLW      4
0x0053	0x1903      	BTFSC      STATUS, 2
0x0054	0x2856      	GOTO       L__interrupt57
0x0055	0x2865      	GOTO       L_interrupt9
L__interrupt57:
;laserShooting.c,57 :: 		PORTC=0x04;
0x0056	0x3004      	MOVLW      4
0x0057	0x0087      	MOVWF      PORTC
;laserShooting.c,58 :: 		read_sonar();
0x0058	0x23E1      	CALL       _read_sonar
;laserShooting.c,59 :: 		points = points +100+distance;
0x0059	0x3064      	MOVLW      100
0x005A	0x07AE      	ADDWF      _points, 1
0x005B	0x1803      	BTFSC      STATUS, 0
0x005C	0x0AAF      	INCF       _points+1, 1
0x005D	0x084B      	MOVF       _Distance, 0
0x005E	0x07AE      	ADDWF      _points, 1
0x005F	0x084C      	MOVF       _Distance+1, 0
0x0060	0x1803      	BTFSC      STATUS, 0
0x0061	0x3E01      	ADDLW      1
0x0062	0x07AF      	ADDWF      _points+1, 1
;laserShooting.c,60 :: 		printdist();
0x0063	0x24EC      	CALL       _printdist
;laserShooting.c,61 :: 		myDelay();
0x0064	0x23B1      	CALL       _myDelay
;laserShooting.c,62 :: 		}
L_interrupt9:
;laserShooting.c,64 :: 		if(PORTB==0x02|| PORTB==0x03){
0x0065	0x0806      	MOVF       PORTB, 0
0x0066	0x3A02      	XORLW      2
0x0067	0x1903      	BTFSC      STATUS, 2
0x0068	0x286E      	GOTO       L__interrupt56
0x0069	0x0806      	MOVF       PORTB, 0
0x006A	0x3A03      	XORLW      3
0x006B	0x1903      	BTFSC      STATUS, 2
0x006C	0x286E      	GOTO       L__interrupt56
0x006D	0x287D      	GOTO       L_interrupt12
L__interrupt56:
;laserShooting.c,65 :: 		PORTA = 0x02;
0x006E	0x3002      	MOVLW      2
0x006F	0x0085      	MOVWF      PORTA
;laserShooting.c,66 :: 		read_sonar();
0x0070	0x23E1      	CALL       _read_sonar
;laserShooting.c,67 :: 		points = points +100+distance;
0x0071	0x3064      	MOVLW      100
0x0072	0x07AE      	ADDWF      _points, 1
0x0073	0x1803      	BTFSC      STATUS, 0
0x0074	0x0AAF      	INCF       _points+1, 1
0x0075	0x084B      	MOVF       _Distance, 0
0x0076	0x07AE      	ADDWF      _points, 1
0x0077	0x084C      	MOVF       _Distance+1, 0
0x0078	0x1803      	BTFSC      STATUS, 0
0x0079	0x3E01      	ADDLW      1
0x007A	0x07AF      	ADDWF      _points+1, 1
;laserShooting.c,68 :: 		printdist();
0x007B	0x24EC      	CALL       _printdist
;laserShooting.c,69 :: 		myDelay();
0x007C	0x23B1      	CALL       _myDelay
;laserShooting.c,70 :: 		}
L_interrupt12:
;laserShooting.c,71 :: 		myDelay2();
0x007D	0x23C9      	CALL       _myDelay2
;laserShooting.c,72 :: 		PORTC = 0x00;
0x007E	0x0187      	CLRF       PORTC
;laserShooting.c,73 :: 		PORTA=0;
0x007F	0x0185      	CLRF       PORTA
;laserShooting.c,75 :: 		INTCON=INTCON&0xFD; //Clear INTF(External Interrupt Flag)
0x0080	0x30FD      	MOVLW      253
0x0081	0x058B      	ANDWF      INTCON, 1
;laserShooting.c,76 :: 		}
L_interrupt5:
;laserShooting.c,79 :: 		}
L_end_interrupt:
L__interrupt59:
0x0082	0x0825      	MOVF       37, 0
0x0083	0x00F0      	MOVWF      R0
0x0084	0x0824      	MOVF       36, 0
0x0085	0x00F1      	MOVWF      R1
0x0086	0x0823      	MOVF       35, 0
0x0087	0x00F2      	MOVWF      R2
0x0088	0x0822      	MOVF       34, 0
0x0089	0x00FC      	MOVWF      R12
0x008A	0x0821      	MOVF       33, 0
0x008B	0x00FD      	MOVWF      R13
0x008C	0x0826      	MOVF       38, 0
0x008D	0x0084      	MOVWF      FSR
0x008E	0x0854      	MOVF       ___savePCLATH, 0
0x008F	0x008A      	MOVWF      PCLATH
0x0090	0x0E53      	SWAPF      ___saveSTATUS, 0
0x0091	0x0083      	MOVWF      STATUS
0x0092	0x0EFF      	SWAPF      R15, 1
0x0093	0x0E7F      	SWAPF      R15, 0
0x0094	0x0009      	RETFIE
; end of _interrupt
_Delay_50us:
;__Lib_Delays.c,19 :: 		void Delay_50us() {
;__Lib_Delays.c,20 :: 		Delay_us(50);
0x0095	0x3021      	MOVLW      33
0x0096	0x1283      	BCF        STATUS, 5
0x0097	0x1303      	BCF        STATUS, 6
0x0098	0x00FD      	MOVWF      R13
L_Delay_50us2:
0x0099	0x0BFD      	DECFSZ     R13, 1
0x009A	0x2899      	GOTO       L_Delay_50us2
;__Lib_Delays.c,21 :: 		}
L_end_Delay_50us:
0x009B	0x0008      	RETURN
; end of _Delay_50us
_Delay_1us:
;__Lib_Delays.c,7 :: 		void Delay_1us() {
;__Lib_Delays.c,8 :: 		Delay_us(1);
0x009C	0x0000      	NOP
0x009D	0x0000      	NOP
;__Lib_Delays.c,9 :: 		}
L_end_Delay_1us:
0x009E	0x0008      	RETURN
; end of _Delay_1us
_Delay_5500us:
;__Lib_Delays.c,31 :: 		void Delay_5500us() {
;__Lib_Delays.c,32 :: 		Delay_us(5500);
0x009F	0x300F      	MOVLW      15
0x00A0	0x1283      	BCF        STATUS, 5
0x00A1	0x1303      	BCF        STATUS, 6
0x00A2	0x00FC      	MOVWF      R12
0x00A3	0x3047      	MOVLW      71
0x00A4	0x00FD      	MOVWF      R13
L_Delay_5500us5:
0x00A5	0x0BFD      	DECFSZ     R13, 1
0x00A6	0x28A5      	GOTO       L_Delay_5500us5
0x00A7	0x0BFC      	DECFSZ     R12, 1
0x00A8	0x28A5      	GOTO       L_Delay_5500us5
0x00A9	0x0000      	NOP
0x00AA	0x0000      	NOP
;__Lib_Delays.c,33 :: 		}
L_end_Delay_5500us:
0x00AB	0x0008      	RETURN
; end of _Delay_5500us
_Lcd_Cmd:
;__Lib_Lcd.c,18 :: 		
;__Lib_Lcd.c,20 :: 		
0x00AC	0x1283      	BCF        STATUS, 5
0x00AD	0x1303      	BCF        STATUS, 6
0x00AE	0x1BE3      	BTFSC      FARG_Lcd_Cmd_out_char, 7
0x00AF	0x28B2      	GOTO       L__Lcd_Cmd21
0x00B0	0x1188      	BCF        LCD_D7, BitPos(LCD_D7+0)
0x00B1	0x28B3      	GOTO       L__Lcd_Cmd22
L__Lcd_Cmd21:
0x00B2	0x1588      	BSF        LCD_D7, BitPos(LCD_D7+0)
L__Lcd_Cmd22:
;__Lib_Lcd.c,21 :: 		
0x00B3	0x1B63      	BTFSC      FARG_Lcd_Cmd_out_char, 6
0x00B4	0x28B7      	GOTO       L__Lcd_Cmd23
0x00B5	0x1108      	BCF        LCD_D6, BitPos(LCD_D6+0)
0x00B6	0x28B8      	GOTO       L__Lcd_Cmd24
L__Lcd_Cmd23:
0x00B7	0x1508      	BSF        LCD_D6, BitPos(LCD_D6+0)
L__Lcd_Cmd24:
;__Lib_Lcd.c,22 :: 		
0x00B8	0x1AE3      	BTFSC      FARG_Lcd_Cmd_out_char, 5
0x00B9	0x28BC      	GOTO       L__Lcd_Cmd25
0x00BA	0x1088      	BCF        LCD_D5, BitPos(LCD_D5+0)
0x00BB	0x28BD      	GOTO       L__Lcd_Cmd26
L__Lcd_Cmd25:
0x00BC	0x1488      	BSF        LCD_D5, BitPos(LCD_D5+0)
L__Lcd_Cmd26:
;__Lib_Lcd.c,23 :: 		
0x00BD	0x1A63      	BTFSC      FARG_Lcd_Cmd_out_char, 4
0x00BE	0x28C1      	GOTO       L__Lcd_Cmd27
0x00BF	0x1008      	BCF        LCD_D4, BitPos(LCD_D4+0)
0x00C0	0x28C2      	GOTO       L__Lcd_Cmd28
L__Lcd_Cmd27:
0x00C1	0x1408      	BSF        LCD_D4, BitPos(LCD_D4+0)
L__Lcd_Cmd28:
;__Lib_Lcd.c,25 :: 		
0x00C2	0x1842      	BTFSC      __Lib_Lcd_cmd_status, BitPos(__Lib_Lcd_cmd_status+0)
0x00C3	0x28C6      	GOTO       L__Lcd_Cmd29
0x00C4	0x1608      	BSF        LCD_RS, BitPos(LCD_RS+0)
0x00C5	0x28C7      	GOTO       L__Lcd_Cmd30
L__Lcd_Cmd29:
0x00C6	0x1208      	BCF        LCD_RS, BitPos(LCD_RS+0)
L__Lcd_Cmd30:
;__Lib_Lcd.c,28 :: 		
0x00C7	0x1688      	BSF        LCD_EN, BitPos(LCD_EN+0)
;__Lib_Lcd.c,29 :: 		
0x00C8	0x209C      	CALL       _Delay_1us
;__Lib_Lcd.c,30 :: 		
0x00C9	0x1288      	BCF        LCD_EN, BitPos(LCD_EN+0)
;__Lib_Lcd.c,33 :: 		
0x00CA	0x19E3      	BTFSC      FARG_Lcd_Cmd_out_char, 3
0x00CB	0x28CE      	GOTO       L__Lcd_Cmd31
0x00CC	0x1188      	BCF        LCD_D7, BitPos(LCD_D7+0)
0x00CD	0x28CF      	GOTO       L__Lcd_Cmd32
L__Lcd_Cmd31:
0x00CE	0x1588      	BSF        LCD_D7, BitPos(LCD_D7+0)
L__Lcd_Cmd32:
;__Lib_Lcd.c,34 :: 		
0x00CF	0x1963      	BTFSC      FARG_Lcd_Cmd_out_char, 2
0x00D0	0x28D3      	GOTO       L__Lcd_Cmd33
0x00D1	0x1108      	BCF        LCD_D6, BitPos(LCD_D6+0)
0x00D2	0x28D4      	GOTO       L__Lcd_Cmd34
L__Lcd_Cmd33:
0x00D3	0x1508      	BSF        LCD_D6, BitPos(LCD_D6+0)
L__Lcd_Cmd34:
;__Lib_Lcd.c,35 :: 		
0x00D4	0x18E3      	BTFSC      FARG_Lcd_Cmd_out_char, 1
0x00D5	0x28D8      	GOTO       L__Lcd_Cmd35
0x00D6	0x1088      	BCF        LCD_D5, BitPos(LCD_D5+0)
0x00D7	0x28D9      	GOTO       L__Lcd_Cmd36
L__Lcd_Cmd35:
0x00D8	0x1488      	BSF        LCD_D5, BitPos(LCD_D5+0)
L__Lcd_Cmd36:
;__Lib_Lcd.c,36 :: 		
0x00D9	0x1863      	BTFSC      FARG_Lcd_Cmd_out_char, 0
0x00DA	0x28DD      	GOTO       L__Lcd_Cmd37
0x00DB	0x1008      	BCF        LCD_D4, BitPos(LCD_D4+0)
0x00DC	0x28DE      	GOTO       L__Lcd_Cmd38
L__Lcd_Cmd37:
0x00DD	0x1408      	BSF        LCD_D4, BitPos(LCD_D4+0)
L__Lcd_Cmd38:
;__Lib_Lcd.c,38 :: 		
0x00DE	0x1842      	BTFSC      __Lib_Lcd_cmd_status, BitPos(__Lib_Lcd_cmd_status+0)
0x00DF	0x28E2      	GOTO       L__Lcd_Cmd39
0x00E0	0x1608      	BSF        LCD_RS, BitPos(LCD_RS+0)
0x00E1	0x28E3      	GOTO       L__Lcd_Cmd40
L__Lcd_Cmd39:
0x00E2	0x1208      	BCF        LCD_RS, BitPos(LCD_RS+0)
L__Lcd_Cmd40:
;__Lib_Lcd.c,40 :: 		
0x00E3	0x1688      	BSF        LCD_EN, BitPos(LCD_EN+0)
;__Lib_Lcd.c,41 :: 		
0x00E4	0x209C      	CALL       _Delay_1us
;__Lib_Lcd.c,42 :: 		
0x00E5	0x1288      	BCF        LCD_EN, BitPos(LCD_EN+0)
;__Lib_Lcd.c,44 :: 		
0x00E6	0x1C42      	BTFSS      __Lib_Lcd_cmd_status, BitPos(__Lib_Lcd_cmd_status+0)
0x00E7	0x28EA      	GOTO       L_Lcd_Cmd0
;__Lib_Lcd.c,45 :: 		
0x00E8	0x209F      	CALL       _Delay_5500us
0x00E9	0x28EB      	GOTO       L_Lcd_Cmd1
L_Lcd_Cmd0:
;__Lib_Lcd.c,47 :: 		
0x00EA	0x2095      	CALL       _Delay_50us
L_Lcd_Cmd1:
;__Lib_Lcd.c,48 :: 		
L_end_Lcd_Cmd:
0x00EB	0x0008      	RETURN
; end of _Lcd_Cmd
_Div_16X16_U:
;__Lib_Math.c,215 :: 		
;__Lib_Math.c,222 :: 		
0x00EC	0x1283      	BCF        STATUS, 5
;__Lib_Math.c,223 :: 		
0x00ED	0x1303      	BCF        STATUS, 6
;__Lib_Math.c,224 :: 		
0x00EE	0x01F8      	CLRF       R8
;__Lib_Math.c,225 :: 		
0x00EF	0x01F9      	CLRF       R9
;__Lib_Math.c,226 :: 		
0x00F0	0x3010      	MOVLW      16
;__Lib_Math.c,227 :: 		
0x00F1	0x00FC      	MOVWF      R12
;__Lib_Math.c,228 :: 		
0x00F2	0x0D71      	RLF        R1, 0
;__Lib_Math.c,229 :: 		
0x00F3	0x0DF8      	RLF        R8, 1
;__Lib_Math.c,230 :: 		
0x00F4	0x0DF9      	RLF        R9, 1
;__Lib_Math.c,231 :: 		
0x00F5	0x0874      	MOVF       R4, 0
;__Lib_Math.c,232 :: 		
0x00F6	0x02F8      	SUBWF      R8, 1
;__Lib_Math.c,233 :: 		
0x00F7	0x0875      	MOVF       R5, 0
;__Lib_Math.c,234 :: 		
0x00F8	0x1C03      	BTFSS      STATUS, 0
;__Lib_Math.c,235 :: 		
0x00F9	0x0F75      	INCFSZ     R5, 0
;__Lib_Math.c,236 :: 		
0x00FA	0x02F9      	SUBWF      R9, 1
;__Lib_Math.c,237 :: 		
0x00FB	0x1803      	BTFSC      STATUS, 0
;__Lib_Math.c,238 :: 		
0x00FC	0x2904      	GOTO       $+8
;__Lib_Math.c,239 :: 		
0x00FD	0x0874      	MOVF       R4, 0
;__Lib_Math.c,240 :: 		
0x00FE	0x07F8      	ADDWF      R8, 1
;__Lib_Math.c,241 :: 		
0x00FF	0x0875      	MOVF       R5, 0
;__Lib_Math.c,242 :: 		
0x0100	0x1803      	BTFSC      STATUS, 0
;__Lib_Math.c,243 :: 		
0x0101	0x0F75      	INCFSZ     R5, 0
;__Lib_Math.c,244 :: 		
0x0102	0x07F9      	ADDWF      R9, 1
;__Lib_Math.c,245 :: 		
0x0103	0x1003      	BCF        STATUS, 0
;__Lib_Math.c,246 :: 		
0x0104	0x0DF0      	RLF        R0, 1
;__Lib_Math.c,247 :: 		
0x0105	0x0DF1      	RLF        R1, 1
;__Lib_Math.c,248 :: 		
0x0106	0x0BFC      	DECFSZ     R12, 1
;__Lib_Math.c,249 :: 		
0x0107	0x28F2      	GOTO       $-21
;__Lib_Math.c,251 :: 		
L_end_Div_16X16_U:
0x0108	0x0008      	RETURN
; end of _Div_16X16_U
_WordToStr:
;__Lib_Conversions.c,98 :: 		
;__Lib_Conversions.c,103 :: 		
0x0109	0x1283      	BCF        STATUS, 5
0x010A	0x1303      	BCF        STATUS, 6
0x010B	0x01E1      	CLRF       WordToStr_len_L0
L_WordToStr11:
0x010C	0x3005      	MOVLW      5
0x010D	0x0261      	SUBWF      WordToStr_len_L0, 0
0x010E	0x1803      	BTFSC      STATUS, 0
0x010F	0x2917      	GOTO       L_WordToStr12
;__Lib_Conversions.c,104 :: 		
0x0110	0x0861      	MOVF       WordToStr_len_L0, 0
0x0111	0x0760      	ADDWF      FARG_WordToStr_output, 0
0x0112	0x0084      	MOVWF      FSR
0x0113	0x3020      	MOVLW      32
0x0114	0x0080      	MOVWF      INDF
;__Lib_Conversions.c,103 :: 		
0x0115	0x0AE1      	INCF       WordToStr_len_L0, 1
;__Lib_Conversions.c,104 :: 		
0x0116	0x290C      	GOTO       L_WordToStr11
L_WordToStr12:
;__Lib_Conversions.c,105 :: 		
0x0117	0x0861      	MOVF       WordToStr_len_L0, 0
0x0118	0x0760      	ADDWF      FARG_WordToStr_output, 0
0x0119	0x0084      	MOVWF      FSR
0x011A	0x0180      	CLRF       INDF
0x011B	0x03E1      	DECF       WordToStr_len_L0, 1
;__Lib_Conversions.c,107 :: 		
L_WordToStr14:
;__Lib_Conversions.c,108 :: 		
0x011C	0x0861      	MOVF       WordToStr_len_L0, 0
0x011D	0x0760      	ADDWF      FARG_WordToStr_output, 0
0x011E	0x00E2      	MOVWF      FLOC__WordToStr
0x011F	0x300A      	MOVLW      10
0x0120	0x00F4      	MOVWF      R4
0x0121	0x01F5      	CLRF       R4+1
0x0122	0x085E      	MOVF       FARG_WordToStr_input, 0
0x0123	0x00F0      	MOVWF      R0
0x0124	0x085F      	MOVF       FARG_WordToStr_input+1, 0
0x0125	0x00F1      	MOVWF      R0+1
0x0126	0x20EC      	CALL       _Div_16X16_U
0x0127	0x0878      	MOVF       R8, 0
0x0128	0x00F0      	MOVWF      R0
0x0129	0x0879      	MOVF       R8+1, 0
0x012A	0x00F1      	MOVWF      R0+1
0x012B	0x3030      	MOVLW      48
0x012C	0x07F0      	ADDWF      R0, 1
0x012D	0x0862      	MOVF       FLOC__WordToStr, 0
0x012E	0x0084      	MOVWF      FSR
0x012F	0x0870      	MOVF       R0, 0
0x0130	0x0080      	MOVWF      INDF
;__Lib_Conversions.c,109 :: 		
0x0131	0x300A      	MOVLW      10
0x0132	0x00F4      	MOVWF      R4
0x0133	0x01F5      	CLRF       R4+1
0x0134	0x085E      	MOVF       FARG_WordToStr_input, 0
0x0135	0x00F0      	MOVWF      R0
0x0136	0x085F      	MOVF       FARG_WordToStr_input+1, 0
0x0137	0x00F1      	MOVWF      R0+1
0x0138	0x20EC      	CALL       _Div_16X16_U
0x0139	0x0870      	MOVF       R0, 0
0x013A	0x00DE      	MOVWF      FARG_WordToStr_input
0x013B	0x0871      	MOVF       R0+1, 0
0x013C	0x00DF      	MOVWF      FARG_WordToStr_input+1
;__Lib_Conversions.c,110 :: 		
0x013D	0x3000      	MOVLW      0
0x013E	0x0671      	XORWF      R0+1, 0
0x013F	0x1D03      	BTFSS      STATUS, 2
0x0140	0x2943      	GOTO       L__WordToStr379
0x0141	0x3000      	MOVLW      0
0x0142	0x0670      	XORWF      R0, 0
L__WordToStr379:
0x0143	0x1D03      	BTFSS      STATUS, 2
0x0144	0x2946      	GOTO       L_WordToStr16
;__Lib_Conversions.c,111 :: 		
0x0145	0x2948      	GOTO       L_WordToStr15
L_WordToStr16:
;__Lib_Conversions.c,112 :: 		
0x0146	0x03E1      	DECF       WordToStr_len_L0, 1
;__Lib_Conversions.c,113 :: 		
0x0147	0x291C      	GOTO       L_WordToStr14
L_WordToStr15:
;__Lib_Conversions.c,114 :: 		
L_end_WordToStr:
0x0148	0x0008      	RETURN
; end of _WordToStr
_Lcd_Chr_CP:
;__Lib_Lcd.c,50 :: 		
;__Lib_Lcd.c,52 :: 		
0x0149	0x1283      	BCF        STATUS, 5
0x014A	0x1303      	BCF        STATUS, 6
0x014B	0x1042      	BCF        __Lib_Lcd_cmd_status, BitPos(__Lib_Lcd_cmd_status+0)
;__Lib_Lcd.c,53 :: 		
0x014C	0x085E      	MOVF       FARG_Lcd_Chr_CP_out_char, 0
0x014D	0x00E3      	MOVWF      FARG_Lcd_Cmd_out_char
0x014E	0x20AC      	CALL       _Lcd_Cmd
;__Lib_Lcd.c,54 :: 		
0x014F	0x1442      	BSF        __Lib_Lcd_cmd_status, BitPos(__Lib_Lcd_cmd_status+0)
;__Lib_Lcd.c,55 :: 		
L_end_Lcd_Chr_CP:
0x0150	0x0008      	RETURN
; end of _Lcd_Chr_CP
_Div_32x32_U:
;__Lib_Math.c,1318 :: 		
;__Lib_Math.c,1327 :: 		
;__Lib_Math.c,1329 :: 		
0x0151	0x1283      	BCF        STATUS, 5
;__Lib_Math.c,1330 :: 		
0x0152	0x1303      	BCF        STATUS, 6
;__Lib_Math.c,1331 :: 		
0x0153	0x01FB      	CLRF       R11
;__Lib_Math.c,1332 :: 		
0x0154	0x01FA      	CLRF       R10
;__Lib_Math.c,1333 :: 		
0x0155	0x01F9      	CLRF       R9
;__Lib_Math.c,1334 :: 		
0x0156	0x01F8      	CLRF       R8
;__Lib_Math.c,1336 :: 		
0x0157	0x01A0      	CLRF       ___math_tempb
;__Lib_Math.c,1338 :: 		
0x0158	0x0D73      	RLF        R3, 0
;__Lib_Math.c,1339 :: 		
0x0159	0x0DF8      	RLF        R8, 1
;__Lib_Math.c,1340 :: 		
0x015A	0x0874      	MOVF       R4, 0
;__Lib_Math.c,1341 :: 		
0x015B	0x02F8      	SUBWF      R8, 1
;__Lib_Math.c,1342 :: 		
0x015C	0x0875      	MOVF       R5, 0
;__Lib_Math.c,1343 :: 		
0x015D	0x1C03      	BTFSS      STATUS, 0
;__Lib_Math.c,1344 :: 		
0x015E	0x0F75      	INCFSZ     R5, 0
;__Lib_Math.c,1345 :: 		
0x015F	0x02F9      	SUBWF      R9, 1
;__Lib_Math.c,1346 :: 		
0x0160	0x0876      	MOVF       R6, 0
;__Lib_Math.c,1347 :: 		
0x0161	0x1C03      	BTFSS      STATUS, 0
;__Lib_Math.c,1348 :: 		
0x0162	0x0F76      	INCFSZ     R6, 0
;__Lib_Math.c,1349 :: 		
0x0163	0x02FA      	SUBWF      R10, 1
;__Lib_Math.c,1350 :: 		
0x0164	0x0877      	MOVF       R7, 0
;__Lib_Math.c,1351 :: 		
0x0165	0x1C03      	BTFSS      STATUS, 0
;__Lib_Math.c,1352 :: 		
0x0166	0x0F77      	INCFSZ     R7, 0
;__Lib_Math.c,1353 :: 		
0x0167	0x02FB      	SUBWF      R11, 1
;__Lib_Math.c,1355 :: 		
0x0168	0x0100      	CLRW
;__Lib_Math.c,1356 :: 		
0x0169	0x1C03      	BTFSS      STATUS, 0
;__Lib_Math.c,1357 :: 		
0x016A	0x3001      	MOVLW      1
;__Lib_Math.c,1358 :: 		
0x016B	0x02A0      	SUBWF      ___math_tempb, 1
;__Lib_Math.c,1359 :: 		
0x016C	0x0DF3      	RLF        R3, 1
;__Lib_Math.c,1361 :: 		
0x016D	0x3007      	MOVLW      7
;__Lib_Math.c,1362 :: 		
0x016E	0x00FC      	MOVWF      R12
;__Lib_Math.c,1364 :: 		
LOOPU3232A:
;__Lib_Math.c,1365 :: 		
0x016F	0x0D73      	RLF        R3, 0
;__Lib_Math.c,1366 :: 		
0x0170	0x0DF8      	RLF        R8, 1
;__Lib_Math.c,1367 :: 		
0x0171	0x0DF9      	RLF        R9, 1
;__Lib_Math.c,1368 :: 		
0x0172	0x0DFA      	RLF        R10, 1
;__Lib_Math.c,1369 :: 		
0x0173	0x0DFB      	RLF        R11, 1
;__Lib_Math.c,1370 :: 		
0x0174	0x0DA0      	RLF        ___math_tempb, 1
;__Lib_Math.c,1371 :: 		
0x0175	0x0874      	MOVF       R4, 0
;__Lib_Math.c,1372 :: 		
0x0176	0x1C73      	BTFSS      R3, 0
;__Lib_Math.c,1373 :: 		
0x0177	0x298A      	GOTO       UADD22LA
;__Lib_Math.c,1375 :: 		
0x0178	0x02F8      	SUBWF      R8, 1
;__Lib_Math.c,1376 :: 		
0x0179	0x0875      	MOVF       R5, 0
;__Lib_Math.c,1377 :: 		
0x017A	0x1C03      	BTFSS      STATUS, 0
;__Lib_Math.c,1378 :: 		
0x017B	0x0F75      	INCFSZ     R5, 0
;__Lib_Math.c,1379 :: 		
0x017C	0x02F9      	SUBWF      R9, 1
;__Lib_Math.c,1380 :: 		
0x017D	0x0876      	MOVF       R6, 0
;__Lib_Math.c,1381 :: 		
0x017E	0x1C03      	BTFSS      STATUS, 0
;__Lib_Math.c,1382 :: 		
0x017F	0x0F76      	INCFSZ     R6, 0
;__Lib_Math.c,1383 :: 		
0x0180	0x02FA      	SUBWF      R10, 1
;__Lib_Math.c,1384 :: 		
0x0181	0x0877      	MOVF       R7, 0
;__Lib_Math.c,1385 :: 		
0x0182	0x1C03      	BTFSS      STATUS, 0
;__Lib_Math.c,1386 :: 		
0x0183	0x0F77      	INCFSZ     R7, 0
;__Lib_Math.c,1387 :: 		
0x0184	0x02FB      	SUBWF      R11, 1
;__Lib_Math.c,1388 :: 		
0x0185	0x0100      	CLRW
;__Lib_Math.c,1389 :: 		
0x0186	0x1C03      	BTFSS      STATUS, 0
;__Lib_Math.c,1390 :: 		
0x0187	0x3001      	MOVLW      1
;__Lib_Math.c,1391 :: 		
0x0188	0x02A0      	SUBWF      ___math_tempb, 1
;__Lib_Math.c,1392 :: 		
0x0189	0x299B      	GOTO       UOK22LA
;__Lib_Math.c,1394 :: 		
UADD22LA:
;__Lib_Math.c,1395 :: 		
0x018A	0x07F8      	ADDWF      R8, 1
;__Lib_Math.c,1396 :: 		
0x018B	0x0875      	MOVF       R5, 0
;__Lib_Math.c,1397 :: 		
0x018C	0x1803      	BTFSC      STATUS, 0
;__Lib_Math.c,1398 :: 		
0x018D	0x0F75      	INCFSZ     R5, 0
;__Lib_Math.c,1399 :: 		
0x018E	0x07F9      	ADDWF      R9, 1
;__Lib_Math.c,1400 :: 		
0x018F	0x0876      	MOVF       R6, 0
;__Lib_Math.c,1401 :: 		
0x0190	0x1803      	BTFSC      STATUS, 0
;__Lib_Math.c,1402 :: 		
0x0191	0x0F76      	INCFSZ     R6, 0
;__Lib_Math.c,1403 :: 		
0x0192	0x07FA      	ADDWF      R10, 1
;__Lib_Math.c,1404 :: 		
0x0193	0x0877      	MOVF       R7, 0
;__Lib_Math.c,1405 :: 		
0x0194	0x1803      	BTFSC      STATUS, 0
;__Lib_Math.c,1406 :: 		
0x0195	0x0F77      	INCFSZ     R7, 0
;__Lib_Math.c,1407 :: 		
0x0196	0x07FB      	ADDWF      R11, 1
;__Lib_Math.c,1408 :: 		
0x0197	0x0100      	CLRW
;__Lib_Math.c,1409 :: 		
0x0198	0x1803      	BTFSC      STATUS, 0
;__Lib_Math.c,1410 :: 		
0x0199	0x3001      	MOVLW      1
;__Lib_Math.c,1411 :: 		
0x019A	0x07A0      	ADDWF      ___math_tempb, 1
;__Lib_Math.c,1413 :: 		
UOK22LA:
;__Lib_Math.c,1414 :: 		
0x019B	0x0DF3      	RLF        R3, 1
;__Lib_Math.c,1416 :: 		
0x019C	0x0BFC      	DECFSZ     R12, 1
;__Lib_Math.c,1417 :: 		
0x019D	0x296F      	GOTO       LOOPU3232A
;__Lib_Math.c,1419 :: 		
0x019E	0x0D72      	RLF        R2, 0
;__Lib_Math.c,1420 :: 		
0x019F	0x0DF8      	RLF        R8, 1
;__Lib_Math.c,1421 :: 		
0x01A0	0x0DF9      	RLF        R9, 1
;__Lib_Math.c,1422 :: 		
0x01A1	0x0DFA      	RLF        R10, 1
;__Lib_Math.c,1423 :: 		
0x01A2	0x0DFB      	RLF        R11, 1
;__Lib_Math.c,1424 :: 		
0x01A3	0x0DA0      	RLF        ___math_tempb, 1
;__Lib_Math.c,1425 :: 		
0x01A4	0x0874      	MOVF       R4, 0
;__Lib_Math.c,1426 :: 		
0x01A5	0x1C73      	BTFSS      R3, 0
;__Lib_Math.c,1427 :: 		
0x01A6	0x29B9      	GOTO       UADD22L8
;__Lib_Math.c,1429 :: 		
0x01A7	0x02F8      	SUBWF      R8, 1
;__Lib_Math.c,1430 :: 		
0x01A8	0x0875      	MOVF       R5, 0
;__Lib_Math.c,1431 :: 		
0x01A9	0x1C03      	BTFSS      STATUS, 0
;__Lib_Math.c,1432 :: 		
0x01AA	0x0F75      	INCFSZ     R5, 0
;__Lib_Math.c,1433 :: 		
0x01AB	0x02F9      	SUBWF      R9, 1
;__Lib_Math.c,1434 :: 		
0x01AC	0x0876      	MOVF       R6, 0
;__Lib_Math.c,1435 :: 		
0x01AD	0x1C03      	BTFSS      STATUS, 0
;__Lib_Math.c,1436 :: 		
0x01AE	0x0F76      	INCFSZ     R6, 0
;__Lib_Math.c,1437 :: 		
0x01AF	0x02FA      	SUBWF      R10, 1
;__Lib_Math.c,1438 :: 		
0x01B0	0x0877      	MOVF       R7, 0
;__Lib_Math.c,1439 :: 		
0x01B1	0x1C03      	BTFSS      STATUS, 0
;__Lib_Math.c,1440 :: 		
0x01B2	0x0F77      	INCFSZ     R7, 0
;__Lib_Math.c,1441 :: 		
0x01B3	0x02FB      	SUBWF      R11, 1
;__Lib_Math.c,1442 :: 		
0x01B4	0x0100      	CLRW
;__Lib_Math.c,1443 :: 		
0x01B5	0x1C03      	BTFSS      STATUS, 0
;__Lib_Math.c,1444 :: 		
0x01B6	0x3001      	MOVLW      1
;__Lib_Math.c,1445 :: 		
0x01B7	0x02A0      	SUBWF      ___math_tempb, 1
;__Lib_Math.c,1446 :: 		
0x01B8	0x29CA      	GOTO       UOK22L8
;__Lib_Math.c,1448 :: 		
UADD22L8:
;__Lib_Math.c,1449 :: 		
0x01B9	0x07F8      	ADDWF      R8, 1
;__Lib_Math.c,1450 :: 		
0x01BA	0x0875      	MOVF       R5, 0
;__Lib_Math.c,1451 :: 		
0x01BB	0x1803      	BTFSC      STATUS, 0
;__Lib_Math.c,1452 :: 		
0x01BC	0x0F75      	INCFSZ     R5, 0
;__Lib_Math.c,1453 :: 		
0x01BD	0x07F9      	ADDWF      R9, 1
;__Lib_Math.c,1454 :: 		
0x01BE	0x0876      	MOVF       R6, 0
;__Lib_Math.c,1455 :: 		
0x01BF	0x1803      	BTFSC      STATUS, 0
;__Lib_Math.c,1456 :: 		
0x01C0	0x0F76      	INCFSZ     R6, 0
;__Lib_Math.c,1457 :: 		
0x01C1	0x07FA      	ADDWF      R10, 1
;__Lib_Math.c,1458 :: 		
0x01C2	0x0877      	MOVF       R7, 0
;__Lib_Math.c,1459 :: 		
0x01C3	0x1803      	BTFSC      STATUS, 0
;__Lib_Math.c,1460 :: 		
0x01C4	0x0F77      	INCFSZ     R7, 0
;__Lib_Math.c,1461 :: 		
0x01C5	0x07FB      	ADDWF      R11, 1
;__Lib_Math.c,1462 :: 		
0x01C6	0x0100      	CLRW
;__Lib_Math.c,1463 :: 		
0x01C7	0x1803      	BTFSC      STATUS, 0
;__Lib_Math.c,1464 :: 		
0x01C8	0x3001      	MOVLW      1
;__Lib_Math.c,1465 :: 		
0x01C9	0x07A0      	ADDWF      ___math_tempb, 1
;__Lib_Math.c,1467 :: 		
UOK22L8:
;__Lib_Math.c,1468 :: 		
0x01CA	0x0DF2      	RLF        R2, 1
;__Lib_Math.c,1470 :: 		
0x01CB	0x3007      	MOVLW      7
;__Lib_Math.c,1471 :: 		
0x01CC	0x00FC      	MOVWF      R12
;__Lib_Math.c,1473 :: 		
LOOPU3232B:
;__Lib_Math.c,1474 :: 		
0x01CD	0x0D72      	RLF        R2, 0
;__Lib_Math.c,1475 :: 		
0x01CE	0x0DF8      	RLF        R8, 1
;__Lib_Math.c,1476 :: 		
0x01CF	0x0DF9      	RLF        R9, 1
;__Lib_Math.c,1477 :: 		
0x01D0	0x0DFA      	RLF        R10, 1
;__Lib_Math.c,1478 :: 		
0x01D1	0x0DFB      	RLF        R11, 1
;__Lib_Math.c,1479 :: 		
0x01D2	0x0DA0      	RLF        ___math_tempb, 1
;__Lib_Math.c,1480 :: 		
0x01D3	0x0874      	MOVF       R4, 0
;__Lib_Math.c,1481 :: 		
0x01D4	0x1C72      	BTFSS      R2, 0
;__Lib_Math.c,1482 :: 		
0x01D5	0x29E8      	GOTO       UADD22LB
;__Lib_Math.c,1484 :: 		
0x01D6	0x02F8      	SUBWF      R8, 1
;__Lib_Math.c,1485 :: 		
0x01D7	0x0875      	MOVF       R5, 0
;__Lib_Math.c,1486 :: 		
0x01D8	0x1C03      	BTFSS      STATUS, 0
;__Lib_Math.c,1487 :: 		
0x01D9	0x0F75      	INCFSZ     R5, 0
;__Lib_Math.c,1488 :: 		
0x01DA	0x02F9      	SUBWF      R9, 1
;__Lib_Math.c,1489 :: 		
0x01DB	0x0876      	MOVF       R6, 0
;__Lib_Math.c,1490 :: 		
0x01DC	0x1C03      	BTFSS      STATUS, 0
;__Lib_Math.c,1491 :: 		
0x01DD	0x0F76      	INCFSZ     R6, 0
;__Lib_Math.c,1492 :: 		
0x01DE	0x02FA      	SUBWF      R10, 1
;__Lib_Math.c,1493 :: 		
0x01DF	0x0877      	MOVF       R7, 0
;__Lib_Math.c,1494 :: 		
0x01E0	0x1C03      	BTFSS      STATUS, 0
;__Lib_Math.c,1495 :: 		
0x01E1	0x0F77      	INCFSZ     R7, 0
;__Lib_Math.c,1496 :: 		
0x01E2	0x02FB      	SUBWF      R11, 1
;__Lib_Math.c,1497 :: 		
0x01E3	0x0100      	CLRW
;__Lib_Math.c,1498 :: 		
0x01E4	0x1C03      	BTFSS      STATUS, 0
;__Lib_Math.c,1499 :: 		
0x01E5	0x3001      	MOVLW      1
;__Lib_Math.c,1500 :: 		
0x01E6	0x02A0      	SUBWF      ___math_tempb, 1
;__Lib_Math.c,1501 :: 		
0x01E7	0x29F9      	GOTO       UOK22LB
;__Lib_Math.c,1503 :: 		
UADD22LB:
;__Lib_Math.c,1504 :: 		
0x01E8	0x07F8      	ADDWF      R8, 1
;__Lib_Math.c,1505 :: 		
0x01E9	0x0875      	MOVF       R5, 0
;__Lib_Math.c,1506 :: 		
0x01EA	0x1803      	BTFSC      STATUS, 0
;__Lib_Math.c,1507 :: 		
0x01EB	0x0F75      	INCFSZ     R5, 0
;__Lib_Math.c,1508 :: 		
0x01EC	0x07F9      	ADDWF      R9, 1
;__Lib_Math.c,1509 :: 		
0x01ED	0x0876      	MOVF       R6, 0
;__Lib_Math.c,1510 :: 		
0x01EE	0x1803      	BTFSC      STATUS, 0
;__Lib_Math.c,1511 :: 		
0x01EF	0x0F76      	INCFSZ     R6, 0
;__Lib_Math.c,1512 :: 		
0x01F0	0x07FA      	ADDWF      R10, 1
;__Lib_Math.c,1513 :: 		
0x01F1	0x0877      	MOVF       R7, 0
;__Lib_Math.c,1514 :: 		
0x01F2	0x1803      	BTFSC      STATUS, 0
;__Lib_Math.c,1515 :: 		
0x01F3	0x0F77      	INCFSZ     R7, 0
;__Lib_Math.c,1516 :: 		
0x01F4	0x07FB      	ADDWF      R11, 1
;__Lib_Math.c,1517 :: 		
0x01F5	0x0100      	CLRW
;__Lib_Math.c,1518 :: 		
0x01F6	0x1803      	BTFSC      STATUS, 0
;__Lib_Math.c,1519 :: 		
0x01F7	0x3001      	MOVLW      1
;__Lib_Math.c,1520 :: 		
0x01F8	0x07A0      	ADDWF      ___math_tempb, 1
;__Lib_Math.c,1522 :: 		
UOK22LB:
;__Lib_Math.c,1523 :: 		
0x01F9	0x0DF2      	RLF        R2, 1
;__Lib_Math.c,1525 :: 		
0x01FA	0x0BFC      	DECFSZ     R12, 1
;__Lib_Math.c,1526 :: 		
0x01FB	0x29CD      	GOTO       LOOPU3232B
;__Lib_Math.c,1528 :: 		
0x01FC	0x0D71      	RLF        R1, 0
;__Lib_Math.c,1529 :: 		
0x01FD	0x0DF8      	RLF        R8, 1
;__Lib_Math.c,1530 :: 		
0x01FE	0x0DF9      	RLF        R9, 1
;__Lib_Math.c,1531 :: 		
0x01FF	0x0DFA      	RLF        R10, 1
;__Lib_Math.c,1532 :: 		
0x0200	0x0DFB      	RLF        R11, 1
;__Lib_Math.c,1533 :: 		
0x0201	0x0DA0      	RLF        ___math_tempb, 1
;__Lib_Math.c,1534 :: 		
0x0202	0x0874      	MOVF       R4, 0
;__Lib_Math.c,1535 :: 		
0x0203	0x1C72      	BTFSS      R2, 0
;__Lib_Math.c,1536 :: 		
0x0204	0x2A17      	GOTO       UADD22L16
;__Lib_Math.c,1538 :: 		
0x0205	0x02F8      	SUBWF      R8, 1
;__Lib_Math.c,1539 :: 		
0x0206	0x0875      	MOVF       R5, 0
;__Lib_Math.c,1540 :: 		
0x0207	0x1C03      	BTFSS      STATUS, 0
;__Lib_Math.c,1541 :: 		
0x0208	0x0F75      	INCFSZ     R5, 0
;__Lib_Math.c,1542 :: 		
0x0209	0x02F9      	SUBWF      R9, 1
;__Lib_Math.c,1543 :: 		
0x020A	0x0876      	MOVF       R6, 0
;__Lib_Math.c,1544 :: 		
0x020B	0x1C03      	BTFSS      STATUS, 0
;__Lib_Math.c,1545 :: 		
0x020C	0x0F76      	INCFSZ     R6, 0
;__Lib_Math.c,1546 :: 		
0x020D	0x02FA      	SUBWF      R10, 1
;__Lib_Math.c,1547 :: 		
0x020E	0x0877      	MOVF       R7, 0
;__Lib_Math.c,1548 :: 		
0x020F	0x1C03      	BTFSS      STATUS, 0
;__Lib_Math.c,1549 :: 		
0x0210	0x0F77      	INCFSZ     R7, 0
;__Lib_Math.c,1550 :: 		
0x0211	0x02FB      	SUBWF      R11, 1
;__Lib_Math.c,1551 :: 		
0x0212	0x0100      	CLRW
;__Lib_Math.c,1552 :: 		
0x0213	0x1C03      	BTFSS      STATUS, 0
;__Lib_Math.c,1553 :: 		
0x0214	0x3001      	MOVLW      1
;__Lib_Math.c,1554 :: 		
0x0215	0x02A0      	SUBWF      ___math_tempb, 1
;__Lib_Math.c,1555 :: 		
0x0216	0x2A28      	GOTO       UOK22L16
;__Lib_Math.c,1557 :: 		
UADD22L16:
;__Lib_Math.c,1558 :: 		
0x0217	0x07F8      	ADDWF      R8, 1
;__Lib_Math.c,1559 :: 		
0x0218	0x0875      	MOVF       R5, 0
;__Lib_Math.c,1560 :: 		
0x0219	0x1803      	BTFSC      STATUS, 0
;__Lib_Math.c,1561 :: 		
0x021A	0x0F75      	INCFSZ     R5, 0
;__Lib_Math.c,1562 :: 		
0x021B	0x07F9      	ADDWF      R9, 1
;__Lib_Math.c,1563 :: 		
0x021C	0x0876      	MOVF       R6, 0
;__Lib_Math.c,1564 :: 		
0x021D	0x1803      	BTFSC      STATUS, 0
;__Lib_Math.c,1565 :: 		
0x021E	0x0F76      	INCFSZ     R6, 0
;__Lib_Math.c,1566 :: 		
0x021F	0x07FA      	ADDWF      R10, 1
;__Lib_Math.c,1567 :: 		
0x0220	0x0877      	MOVF       R7, 0
;__Lib_Math.c,1568 :: 		
0x0221	0x1803      	BTFSC      STATUS, 0
;__Lib_Math.c,1569 :: 		
0x0222	0x0F77      	INCFSZ     R7, 0
;__Lib_Math.c,1570 :: 		
0x0223	0x07FB      	ADDWF      R11, 1
;__Lib_Math.c,1571 :: 		
0x0224	0x0100      	CLRW
;__Lib_Math.c,1572 :: 		
0x0225	0x1803      	BTFSC      STATUS, 0
;__Lib_Math.c,1573 :: 		
0x0226	0x3001      	MOVLW      1
;__Lib_Math.c,1574 :: 		
0x0227	0x07A0      	ADDWF      ___math_tempb, 1
;__Lib_Math.c,1576 :: 		
UOK22L16:
;__Lib_Math.c,1577 :: 		
0x0228	0x0DF1      	RLF        R1, 1
;__Lib_Math.c,1579 :: 		
0x0229	0x3007      	MOVLW      7
;__Lib_Math.c,1580 :: 		
0x022A	0x00FC      	MOVWF      R12
;__Lib_Math.c,1582 :: 		
LOOPU3232C:
;__Lib_Math.c,1583 :: 		
0x022B	0x0D71      	RLF        R1, 0
;__Lib_Math.c,1584 :: 		
0x022C	0x0DF8      	RLF        R8, 1
;__Lib_Math.c,1585 :: 		
0x022D	0x0DF9      	RLF        R9, 1
;__Lib_Math.c,1586 :: 		
0x022E	0x0DFA      	RLF        R10, 1
;__Lib_Math.c,1587 :: 		
0x022F	0x0DFB      	RLF        R11, 1
;__Lib_Math.c,1588 :: 		
0x0230	0x0DA0      	RLF        ___math_tempb, 1
;__Lib_Math.c,1589 :: 		
0x0231	0x0874      	MOVF       R4, 0
;__Lib_Math.c,1590 :: 		
0x0232	0x1C71      	BTFSS      R1, 0
;__Lib_Math.c,1591 :: 		
0x0233	0x2A46      	GOTO       UADD22LC
;__Lib_Math.c,1593 :: 		
0x0234	0x02F8      	SUBWF      R8, 1
;__Lib_Math.c,1594 :: 		
0x0235	0x0875      	MOVF       R5, 0
;__Lib_Math.c,1595 :: 		
0x0236	0x1C03      	BTFSS      STATUS, 0
;__Lib_Math.c,1596 :: 		
0x0237	0x0F75      	INCFSZ     R5, 0
;__Lib_Math.c,1597 :: 		
0x0238	0x02F9      	SUBWF      R9, 1
;__Lib_Math.c,1598 :: 		
0x0239	0x0876      	MOVF       R6, 0
;__Lib_Math.c,1599 :: 		
0x023A	0x1C03      	BTFSS      STATUS, 0
;__Lib_Math.c,1600 :: 		
0x023B	0x0F76      	INCFSZ     R6, 0
;__Lib_Math.c,1601 :: 		
0x023C	0x02FA      	SUBWF      R10, 1
;__Lib_Math.c,1602 :: 		
0x023D	0x0877      	MOVF       R7, 0
;__Lib_Math.c,1603 :: 		
0x023E	0x1C03      	BTFSS      STATUS, 0
;__Lib_Math.c,1604 :: 		
0x023F	0x0F77      	INCFSZ     R7, 0
;__Lib_Math.c,1605 :: 		
0x0240	0x02FB      	SUBWF      R11, 1
;__Lib_Math.c,1606 :: 		
0x0241	0x0100      	CLRW
;__Lib_Math.c,1607 :: 		
0x0242	0x1C03      	BTFSS      STATUS, 0
;__Lib_Math.c,1608 :: 		
0x0243	0x3001      	MOVLW      1
;__Lib_Math.c,1609 :: 		
0x0244	0x02A0      	SUBWF      ___math_tempb, 1
;__Lib_Math.c,1610 :: 		
0x0245	0x2A57      	GOTO       UOK22LC
;__Lib_Math.c,1612 :: 		
UADD22LC:
;__Lib_Math.c,1613 :: 		
0x0246	0x07F8      	ADDWF      R8, 1
;__Lib_Math.c,1614 :: 		
0x0247	0x0875      	MOVF       R5, 0
;__Lib_Math.c,1615 :: 		
0x0248	0x1803      	BTFSC      STATUS, 0
;__Lib_Math.c,1616 :: 		
0x0249	0x0F75      	INCFSZ     R5, 0
;__Lib_Math.c,1617 :: 		
0x024A	0x07F9      	ADDWF      R9, 1
;__Lib_Math.c,1618 :: 		
0x024B	0x0876      	MOVF       R6, 0
;__Lib_Math.c,1619 :: 		
0x024C	0x1803      	BTFSC      STATUS, 0
;__Lib_Math.c,1620 :: 		
0x024D	0x0F76      	INCFSZ     R6, 0
;__Lib_Math.c,1621 :: 		
0x024E	0x07FA      	ADDWF      R10, 1
;__Lib_Math.c,1622 :: 		
0x024F	0x0877      	MOVF       R7, 0
;__Lib_Math.c,1623 :: 		
0x0250	0x1803      	BTFSC      STATUS, 0
;__Lib_Math.c,1624 :: 		
0x0251	0x0F77      	INCFSZ     R7, 0
;__Lib_Math.c,1625 :: 		
0x0252	0x07FB      	ADDWF      R11, 1
;__Lib_Math.c,1626 :: 		
0x0253	0x0100      	CLRW
;__Lib_Math.c,1627 :: 		
0x0254	0x1803      	BTFSC      STATUS, 0
;__Lib_Math.c,1628 :: 		
0x0255	0x3001      	MOVLW      1
;__Lib_Math.c,1629 :: 		
0x0256	0x07A0      	ADDWF      ___math_tempb, 1
;__Lib_Math.c,1631 :: 		
UOK22LC:
;__Lib_Math.c,1632 :: 		
0x0257	0x0DF1      	RLF        R1, 1
;__Lib_Math.c,1634 :: 		
0x0258	0x0BFC      	DECFSZ     R12, 1
;__Lib_Math.c,1635 :: 		
0x0259	0x2A2B      	GOTO       LOOPU3232C
;__Lib_Math.c,1637 :: 		
0x025A	0x0D70      	RLF        R0, 0
;__Lib_Math.c,1638 :: 		
0x025B	0x0DF8      	RLF        R8, 1
;__Lib_Math.c,1639 :: 		
0x025C	0x0DF9      	RLF        R9, 1
;__Lib_Math.c,1640 :: 		
0x025D	0x0DFA      	RLF        R10, 1
;__Lib_Math.c,1641 :: 		
0x025E	0x0DFB      	RLF        R11, 1
;__Lib_Math.c,1642 :: 		
0x025F	0x0DA0      	RLF        ___math_tempb, 1
;__Lib_Math.c,1643 :: 		
0x0260	0x0874      	MOVF       R4, 0
;__Lib_Math.c,1644 :: 		
0x0261	0x1C71      	BTFSS      R1, 0
;__Lib_Math.c,1645 :: 		
0x0262	0x2A75      	GOTO       UADD22L24
;__Lib_Math.c,1647 :: 		
0x0263	0x02F8      	SUBWF      R8, 1
;__Lib_Math.c,1648 :: 		
0x0264	0x0875      	MOVF       R5, 0
;__Lib_Math.c,1649 :: 		
0x0265	0x1C03      	BTFSS      STATUS, 0
;__Lib_Math.c,1650 :: 		
0x0266	0x0F75      	INCFSZ     R5, 0
;__Lib_Math.c,1651 :: 		
0x0267	0x02F9      	SUBWF      R9, 1
;__Lib_Math.c,1652 :: 		
0x0268	0x0876      	MOVF       R6, 0
;__Lib_Math.c,1653 :: 		
0x0269	0x1C03      	BTFSS      STATUS, 0
;__Lib_Math.c,1654 :: 		
0x026A	0x0F76      	INCFSZ     R6, 0
;__Lib_Math.c,1655 :: 		
0x026B	0x02FA      	SUBWF      R10, 1
;__Lib_Math.c,1656 :: 		
0x026C	0x0877      	MOVF       R7, 0
;__Lib_Math.c,1657 :: 		
0x026D	0x1C03      	BTFSS      STATUS, 0
;__Lib_Math.c,1658 :: 		
0x026E	0x0F77      	INCFSZ     R7, 0
;__Lib_Math.c,1659 :: 		
0x026F	0x02FB      	SUBWF      R11, 1
;__Lib_Math.c,1660 :: 		
0x0270	0x0100      	CLRW
;__Lib_Math.c,1661 :: 		
0x0271	0x1C03      	BTFSS      STATUS, 0
;__Lib_Math.c,1662 :: 		
0x0272	0x3001      	MOVLW      1
;__Lib_Math.c,1663 :: 		
0x0273	0x02A0      	SUBWF      ___math_tempb, 1
;__Lib_Math.c,1664 :: 		
0x0274	0x2A86      	GOTO       UOK22L24
;__Lib_Math.c,1666 :: 		
UADD22L24:
;__Lib_Math.c,1667 :: 		
0x0275	0x07F8      	ADDWF      R8, 1
;__Lib_Math.c,1668 :: 		
0x0276	0x0875      	MOVF       R5, 0
;__Lib_Math.c,1669 :: 		
0x0277	0x1803      	BTFSC      STATUS, 0
;__Lib_Math.c,1670 :: 		
0x0278	0x0F75      	INCFSZ     R5, 0
;__Lib_Math.c,1671 :: 		
0x0279	0x07F9      	ADDWF      R9, 1
;__Lib_Math.c,1672 :: 		
0x027A	0x0876      	MOVF       R6, 0
;__Lib_Math.c,1673 :: 		
0x027B	0x1803      	BTFSC      STATUS, 0
;__Lib_Math.c,1674 :: 		
0x027C	0x0F76      	INCFSZ     R6, 0
;__Lib_Math.c,1675 :: 		
0x027D	0x07FA      	ADDWF      R10, 1
;__Lib_Math.c,1676 :: 		
0x027E	0x0877      	MOVF       R7, 0
;__Lib_Math.c,1677 :: 		
0x027F	0x1803      	BTFSC      STATUS, 0
;__Lib_Math.c,1678 :: 		
0x0280	0x0F77      	INCFSZ     R7, 0
;__Lib_Math.c,1679 :: 		
0x0281	0x07FB      	ADDWF      R11, 1
;__Lib_Math.c,1680 :: 		
0x0282	0x0100      	CLRW
;__Lib_Math.c,1681 :: 		
0x0283	0x1803      	BTFSC      STATUS, 0
;__Lib_Math.c,1682 :: 		
0x0284	0x3001      	MOVLW      1
;__Lib_Math.c,1683 :: 		
0x0285	0x07A0      	ADDWF      ___math_tempb, 1
;__Lib_Math.c,1685 :: 		
UOK22L24:
;__Lib_Math.c,1686 :: 		
0x0286	0x0DF0      	RLF        R0, 1
;__Lib_Math.c,1688 :: 		
0x0287	0x3007      	MOVLW      7
;__Lib_Math.c,1689 :: 		
0x0288	0x00FC      	MOVWF      R12
;__Lib_Math.c,1691 :: 		
LOOPU3232D:
;__Lib_Math.c,1692 :: 		
0x0289	0x0D70      	RLF        R0, 0
;__Lib_Math.c,1693 :: 		
0x028A	0x0DF8      	RLF        R8, 1
;__Lib_Math.c,1694 :: 		
0x028B	0x0DF9      	RLF        R9, 1
;__Lib_Math.c,1695 :: 		
0x028C	0x0DFA      	RLF        R10, 1
;__Lib_Math.c,1696 :: 		
0x028D	0x0DFB      	RLF        R11, 1
;__Lib_Math.c,1697 :: 		
0x028E	0x0DA0      	RLF        ___math_tempb, 1
;__Lib_Math.c,1698 :: 		
0x028F	0x0874      	MOVF       R4, 0
;__Lib_Math.c,1699 :: 		
0x0290	0x1C70      	BTFSS      R0, 0
;__Lib_Math.c,1700 :: 		
0x0291	0x2AA4      	GOTO       UADD22LD
;__Lib_Math.c,1702 :: 		
0x0292	0x02F8      	SUBWF      R8, 1
;__Lib_Math.c,1703 :: 		
0x0293	0x0875      	MOVF       R5, 0
;__Lib_Math.c,1704 :: 		
0x0294	0x1C03      	BTFSS      STATUS, 0
;__Lib_Math.c,1705 :: 		
0x0295	0x0F75      	INCFSZ     R5, 0
;__Lib_Math.c,1706 :: 		
0x0296	0x02F9      	SUBWF      R9, 1
;__Lib_Math.c,1707 :: 		
0x0297	0x0876      	MOVF       R6, 0
;__Lib_Math.c,1708 :: 		
0x0298	0x1C03      	BTFSS      STATUS, 0
;__Lib_Math.c,1709 :: 		
0x0299	0x0F76      	INCFSZ     R6, 0
;__Lib_Math.c,1710 :: 		
0x029A	0x02FA      	SUBWF      R10, 1
;__Lib_Math.c,1711 :: 		
0x029B	0x0877      	MOVF       R7, 0
;__Lib_Math.c,1712 :: 		
0x029C	0x1C03      	BTFSS      STATUS, 0
;__Lib_Math.c,1713 :: 		
0x029D	0x0F77      	INCFSZ     R7, 0
;__Lib_Math.c,1714 :: 		
0x029E	0x02FB      	SUBWF      R11, 1
;__Lib_Math.c,1715 :: 		
0x029F	0x0100      	CLRW
;__Lib_Math.c,1716 :: 		
0x02A0	0x1C03      	BTFSS      STATUS, 0
;__Lib_Math.c,1717 :: 		
0x02A1	0x3001      	MOVLW      1
;__Lib_Math.c,1718 :: 		
0x02A2	0x02A0      	SUBWF      ___math_tempb, 1
;__Lib_Math.c,1719 :: 		
0x02A3	0x2AB5      	GOTO       UOK22LD
;__Lib_Math.c,1721 :: 		
UADD22LD:
;__Lib_Math.c,1722 :: 		
0x02A4	0x07F8      	ADDWF      R8, 1
;__Lib_Math.c,1723 :: 		
0x02A5	0x0875      	MOVF       R5, 0
;__Lib_Math.c,1724 :: 		
0x02A6	0x1803      	BTFSC      STATUS, 0
;__Lib_Math.c,1725 :: 		
0x02A7	0x0F75      	INCFSZ     R5, 0
;__Lib_Math.c,1726 :: 		
0x02A8	0x07F9      	ADDWF      R9, 1
;__Lib_Math.c,1727 :: 		
0x02A9	0x0876      	MOVF       R6, 0
;__Lib_Math.c,1728 :: 		
0x02AA	0x1803      	BTFSC      STATUS, 0
;__Lib_Math.c,1729 :: 		
0x02AB	0x0F76      	INCFSZ     R6, 0
;__Lib_Math.c,1730 :: 		
0x02AC	0x07FA      	ADDWF      R10, 1
;__Lib_Math.c,1731 :: 		
0x02AD	0x0877      	MOVF       R7, 0
;__Lib_Math.c,1732 :: 		
0x02AE	0x1803      	BTFSC      STATUS, 0
;__Lib_Math.c,1733 :: 		
0x02AF	0x0F77      	INCFSZ     R7, 0
;__Lib_Math.c,1734 :: 		
0x02B0	0x07FB      	ADDWF      R11, 1
;__Lib_Math.c,1735 :: 		
0x02B1	0x0100      	CLRW
;__Lib_Math.c,1736 :: 		
0x02B2	0x1803      	BTFSC      STATUS, 0
;__Lib_Math.c,1737 :: 		
0x02B3	0x3001      	MOVLW      1
;__Lib_Math.c,1738 :: 		
0x02B4	0x07A0      	ADDWF      ___math_tempb, 1
;__Lib_Math.c,1740 :: 		
UOK22LD:
;__Lib_Math.c,1741 :: 		
0x02B5	0x0DF0      	RLF        R0, 1
;__Lib_Math.c,1743 :: 		
0x02B6	0x0BFC      	DECFSZ     R12, 1
;__Lib_Math.c,1744 :: 		
0x02B7	0x2A89      	GOTO       LOOPU3232D
;__Lib_Math.c,1746 :: 		
0x02B8	0x1870      	BTFSC      R0, 0
;__Lib_Math.c,1747 :: 		
0x02B9	0x2AC8      	GOTO       UOK22L
;__Lib_Math.c,1748 :: 		
0x02BA	0x0874      	MOVF       R4, 0
;__Lib_Math.c,1749 :: 		
0x02BB	0x07F8      	ADDWF      R8, 1
;__Lib_Math.c,1750 :: 		
0x02BC	0x0875      	MOVF       R5, 0
;__Lib_Math.c,1751 :: 		
0x02BD	0x1803      	BTFSC      STATUS, 0
;__Lib_Math.c,1752 :: 		
0x02BE	0x0F75      	INCFSZ     R5, 0
;__Lib_Math.c,1753 :: 		
0x02BF	0x07F9      	ADDWF      R9, 1
;__Lib_Math.c,1754 :: 		
0x02C0	0x0876      	MOVF       R6, 0
;__Lib_Math.c,1755 :: 		
0x02C1	0x1803      	BTFSC      STATUS, 0
;__Lib_Math.c,1756 :: 		
0x02C2	0x0F76      	INCFSZ     R6, 0
;__Lib_Math.c,1757 :: 		
0x02C3	0x07FA      	ADDWF      R10, 1
;__Lib_Math.c,1758 :: 		
0x02C4	0x0877      	MOVF       R7, 0
;__Lib_Math.c,1759 :: 		
0x02C5	0x1803      	BTFSC      STATUS, 0
;__Lib_Math.c,1760 :: 		
0x02C6	0x0F77      	INCFSZ     R7, 0
;__Lib_Math.c,1761 :: 		
0x02C7	0x07FB      	ADDWF      R11, 1
;__Lib_Math.c,1763 :: 		
UOK22L:
;__Lib_Math.c,1766 :: 		
L_end_Div_32x32_U:
0x02C8	0x0008      	RETURN
; end of _Div_32x32_U
_____DoICP:
;__Lib_System.c,6 :: 		
;__Lib_System.c,9 :: 		
0x02C9	0x1283      	BCF        STATUS, 5
0x02CA	0x1303      	BCF        STATUS, 6
0x02CB	0x0846      	MOVF       ___DoICPAddr+1, 0
0x02CC	0x008A      	MOVWF      PCLATH
;__Lib_System.c,10 :: 		
0x02CD	0x0845      	MOVF       ___DoICPAddr, 0
0x02CE	0x0082      	MOVWF      PCL
;__Lib_System.c,12 :: 		
L_end_____DoICP:
0x02CF	0x0008      	RETURN
; end of _____DoICP
_IntToStr:
;__Lib_Conversions.c,195 :: 		
;__Lib_Conversions.c,201 :: 		
0x02D0	0x1283      	BCF        STATUS, 5
0x02D1	0x1303      	BCF        STATUS, 6
0x02D2	0x01DA      	CLRF       IntToStr_negative_L0
0x02D3	0x01DB      	CLRF       IntToStr_negative_L0+1
;__Lib_Conversions.c,202 :: 		
0x02D4	0x0855      	MOVF       FARG_IntToStr_input, 0
0x02D5	0x00DC      	MOVWF      IntToStr_inword_L0
0x02D6	0x0856      	MOVF       FARG_IntToStr_input+1, 0
0x02D7	0x00DD      	MOVWF      IntToStr_inword_L0+1
;__Lib_Conversions.c,203 :: 		
0x02D8	0x3080      	MOVLW      128
0x02D9	0x0656      	XORWF      FARG_IntToStr_input+1, 0
0x02DA	0x00F0      	MOVWF      R0
0x02DB	0x3080      	MOVLW      128
0x02DC	0x0270      	SUBWF      R0, 0
0x02DD	0x1D03      	BTFSS      STATUS, 2
0x02DE	0x2AE1      	GOTO       L__IntToStr387
0x02DF	0x3000      	MOVLW      0
0x02E0	0x0255      	SUBWF      FARG_IntToStr_input, 0
L__IntToStr387:
0x02E1	0x1803      	BTFSC      STATUS, 0
0x02E2	0x2AEF      	GOTO       L_IntToStr37
;__Lib_Conversions.c,204 :: 		
0x02E3	0x3001      	MOVLW      1
0x02E4	0x00DA      	MOVWF      IntToStr_negative_L0
0x02E5	0x3000      	MOVLW      0
0x02E6	0x00DB      	MOVWF      IntToStr_negative_L0+1
;__Lib_Conversions.c,205 :: 		
0x02E7	0x0855      	MOVF       FARG_IntToStr_input, 0
0x02E8	0x3C00      	SUBLW      0
0x02E9	0x00DC      	MOVWF      IntToStr_inword_L0
0x02EA	0x0856      	MOVF       FARG_IntToStr_input+1, 0
0x02EB	0x1C03      	BTFSS      STATUS, 0
0x02EC	0x3E01      	ADDLW      1
0x02ED	0x01DD      	CLRF       IntToStr_inword_L0+1
0x02EE	0x02DD      	SUBWF      IntToStr_inword_L0+1, 1
;__Lib_Conversions.c,206 :: 		
L_IntToStr37:
;__Lib_Conversions.c,207 :: 		
0x02EF	0x085C      	MOVF       IntToStr_inword_L0, 0
0x02F0	0x00DE      	MOVWF      FARG_WordToStr_input
0x02F1	0x085D      	MOVF       IntToStr_inword_L0+1, 0
0x02F2	0x00DF      	MOVWF      FARG_WordToStr_input+1
0x02F3	0x0857      	MOVF       FARG_IntToStr_output, 0
0x02F4	0x00E0      	MOVWF      FARG_WordToStr_output
0x02F5	0x2109      	CALL       _WordToStr
;__Lib_Conversions.c,209 :: 		
0x02F6	0x3006      	MOVLW      6
0x02F7	0x00D8      	MOVWF      IntToStr_i_L0
0x02F8	0x3000      	MOVLW      0
0x02F9	0x00D9      	MOVWF      IntToStr_i_L0+1
;__Lib_Conversions.c,210 :: 		
L_IntToStr38:
0x02FA	0x0859      	MOVF       IntToStr_i_L0+1, 0
0x02FB	0x3C00      	SUBLW      0
0x02FC	0x1D03      	BTFSS      STATUS, 2
0x02FD	0x2B00      	GOTO       L__IntToStr388
0x02FE	0x0858      	MOVF       IntToStr_i_L0, 0
0x02FF	0x3C00      	SUBLW      0
L__IntToStr388:
0x0300	0x1803      	BTFSC      STATUS, 0
0x0301	0x2B1B      	GOTO       L_IntToStr39
;__Lib_Conversions.c,211 :: 		
0x0302	0x0858      	MOVF       IntToStr_i_L0, 0
0x0303	0x0757      	ADDWF      FARG_IntToStr_output, 0
0x0304	0x00F2      	MOVWF      R2
0x0305	0x3001      	MOVLW      1
0x0306	0x0258      	SUBWF      IntToStr_i_L0, 0
0x0307	0x00F0      	MOVWF      R0
0x0308	0x3000      	MOVLW      0
0x0309	0x1C03      	BTFSS      STATUS, 0
0x030A	0x3E01      	ADDLW      1
0x030B	0x0259      	SUBWF      IntToStr_i_L0+1, 0
0x030C	0x00F1      	MOVWF      R0+1
0x030D	0x0870      	MOVF       R0, 0
0x030E	0x0757      	ADDWF      FARG_IntToStr_output, 0
0x030F	0x0084      	MOVWF      FSR
0x0310	0x0800      	MOVF       INDF, 0
0x0311	0x00F0      	MOVWF      R0
0x0312	0x0872      	MOVF       R2, 0
0x0313	0x0084      	MOVWF      FSR
0x0314	0x0870      	MOVF       R0, 0
0x0315	0x0080      	MOVWF      INDF
;__Lib_Conversions.c,212 :: 		
0x0316	0x3001      	MOVLW      1
0x0317	0x02D8      	SUBWF      IntToStr_i_L0, 1
0x0318	0x1C03      	BTFSS      STATUS, 0
0x0319	0x03D9      	DECF       IntToStr_i_L0+1, 1
;__Lib_Conversions.c,213 :: 		
0x031A	0x2AFA      	GOTO       L_IntToStr38
L_IntToStr39:
;__Lib_Conversions.c,214 :: 		
0x031B	0x0857      	MOVF       FARG_IntToStr_output, 0
0x031C	0x0084      	MOVWF      FSR
0x031D	0x3020      	MOVLW      32
0x031E	0x0080      	MOVWF      INDF
;__Lib_Conversions.c,215 :: 		
0x031F	0x085A      	MOVF       IntToStr_negative_L0, 0
0x0320	0x045B      	IORWF      IntToStr_negative_L0+1, 0
0x0321	0x1903      	BTFSC      STATUS, 2
0x0322	0x2B39      	GOTO       L_IntToStr40
;__Lib_Conversions.c,216 :: 		
0x0323	0x01D8      	CLRF       IntToStr_i_L0
0x0324	0x01D9      	CLRF       IntToStr_i_L0+1
;__Lib_Conversions.c,217 :: 		
L_IntToStr41:
0x0325	0x0858      	MOVF       IntToStr_i_L0, 0
0x0326	0x0757      	ADDWF      FARG_IntToStr_output, 0
0x0327	0x0084      	MOVWF      FSR
0x0328	0x0800      	MOVF       INDF, 0
0x0329	0x3A20      	XORLW      32
0x032A	0x1D03      	BTFSS      STATUS, 2
0x032B	0x2B30      	GOTO       L_IntToStr42
0x032C	0x0AD8      	INCF       IntToStr_i_L0, 1
0x032D	0x1903      	BTFSC      STATUS, 2
0x032E	0x0AD9      	INCF       IntToStr_i_L0+1, 1
0x032F	0x2B25      	GOTO       L_IntToStr41
L_IntToStr42:
;__Lib_Conversions.c,218 :: 		
0x0330	0x3001      	MOVLW      1
0x0331	0x02D8      	SUBWF      IntToStr_i_L0, 1
0x0332	0x1C03      	BTFSS      STATUS, 0
0x0333	0x03D9      	DECF       IntToStr_i_L0+1, 1
;__Lib_Conversions.c,219 :: 		
0x0334	0x0858      	MOVF       IntToStr_i_L0, 0
0x0335	0x0757      	ADDWF      FARG_IntToStr_output, 0
0x0336	0x0084      	MOVWF      FSR
0x0337	0x302D      	MOVLW      45
0x0338	0x0080      	MOVWF      INDF
L_IntToStr40:
;__Lib_Conversions.c,220 :: 		
L_end_IntToStr:
0x0339	0x0008      	RETURN
; end of _IntToStr
_Mul_32x32_U:
;__Lib_Math.c,1775 :: 		
;__Lib_Math.c,1790 :: 		
0x033A	0x1283      	BCF        STATUS, 5
;__Lib_Math.c,1791 :: 		
0x033B	0x1303      	BCF        STATUS, 6
;__Lib_Math.c,1792 :: 		
0x033C	0x3022      	MOVLW      34
;__Lib_Math.c,1793 :: 		
0x033D	0x00FC      	MOVWF      R12
;__Lib_Math.c,1794 :: 		
0x033E	0x01F8      	CLRF       R8
;__Lib_Math.c,1795 :: 		
0x033F	0x01F9      	CLRF       R9
;__Lib_Math.c,1796 :: 		
0x0340	0x01FA      	CLRF       R10
;__Lib_Math.c,1797 :: 		
0x0341	0x01FB      	CLRF       R11
;__Lib_Math.c,1799 :: 		
_NEXT:
;__Lib_Math.c,1803 :: 		
0x0342	0x03FC      	DECF       R12, 1
;__Lib_Math.c,1804 :: 		
0x0343	0x1903      	BTFSC      STATUS, 2
;__Lib_Math.c,1805 :: 		
0x0344	0x2B70      	GOTO       _EXIT2
;__Lib_Math.c,1806 :: 		
0x0345	0x1003      	BCF        STATUS, 0
;__Lib_Math.c,1808 :: 		
_LOOP:
;__Lib_Math.c,1817 :: 		
0x0346	0x0CFB      	RRF        R11, 1
;__Lib_Math.c,1818 :: 		
0x0347	0x0CFA      	RRF        R10, 1
;__Lib_Math.c,1819 :: 		
0x0348	0x0CF9      	RRF        R9, 1
;__Lib_Math.c,1820 :: 		
0x0349	0x0CF8      	RRF        R8, 1
;__Lib_Math.c,1821 :: 		
0x034A	0x0CF3      	RRF        R3, 1
;__Lib_Math.c,1822 :: 		
0x034B	0x0CF2      	RRF        R2, 1
;__Lib_Math.c,1823 :: 		
0x034C	0x0CF1      	RRF        R1, 1
;__Lib_Math.c,1824 :: 		
0x034D	0x0CF0      	RRF        R0, 1
;__Lib_Math.c,1829 :: 		
0x034E	0x1C03      	BTFSS      STATUS, 0
;__Lib_Math.c,1830 :: 		
0x034F	0x2B42      	GOTO       _NEXT
;__Lib_Math.c,1831 :: 		
0x0350	0x03FC      	DECF       R12, 1
;__Lib_Math.c,1832 :: 		
0x0351	0x1903      	BTFSC      STATUS, 2
;__Lib_Math.c,1833 :: 		
0x0352	0x2B62      	GOTO       _EXIT1
;__Lib_Math.c,1840 :: 		
0x0353	0x0874      	MOVF       R4, 0
;__Lib_Math.c,1841 :: 		
0x0354	0x07F8      	ADDWF      R8, 1
;__Lib_Math.c,1842 :: 		
0x0355	0x0875      	MOVF       R5, 0
;__Lib_Math.c,1843 :: 		
0x0356	0x1803      	BTFSC      STATUS, 0
;__Lib_Math.c,1844 :: 		
0x0357	0x0F75      	INCFSZ     R5, 0
;__Lib_Math.c,1845 :: 		
0x0358	0x07F9      	ADDWF      R9, 1
;__Lib_Math.c,1846 :: 		
0x0359	0x0876      	MOVF       R6, 0
;__Lib_Math.c,1847 :: 		
0x035A	0x1803      	BTFSC      STATUS, 0
;__Lib_Math.c,1848 :: 		
0x035B	0x0F76      	INCFSZ     R6, 0
;__Lib_Math.c,1849 :: 		
0x035C	0x07FA      	ADDWF      R10, 1
;__Lib_Math.c,1850 :: 		
0x035D	0x0877      	MOVF       R7, 0
;__Lib_Math.c,1851 :: 		
0x035E	0x1803      	BTFSC      STATUS, 0
;__Lib_Math.c,1852 :: 		
0x035F	0x0F77      	INCFSZ     R7, 0
;__Lib_Math.c,1853 :: 		
0x0360	0x07FB      	ADDWF      R11, 1
;__Lib_Math.c,1855 :: 		
0x0361	0x2B46      	GOTO       _LOOP
;__Lib_Math.c,1857 :: 		
_EXIT1:
;__Lib_Math.c,1862 :: 		
0x0362	0x0874      	MOVF       R4, 0
;__Lib_Math.c,1863 :: 		
0x0363	0x07F8      	ADDWF      R8, 1
;__Lib_Math.c,1864 :: 		
0x0364	0x0875      	MOVF       R5, 0
;__Lib_Math.c,1865 :: 		
0x0365	0x1803      	BTFSC      STATUS, 0
;__Lib_Math.c,1866 :: 		
0x0366	0x0F75      	INCFSZ     R5, 0
;__Lib_Math.c,1867 :: 		
0x0367	0x07F9      	ADDWF      R9, 1
;__Lib_Math.c,1868 :: 		
0x0368	0x0876      	MOVF       R6, 0
;__Lib_Math.c,1869 :: 		
0x0369	0x1803      	BTFSC      STATUS, 0
;__Lib_Math.c,1870 :: 		
0x036A	0x0F76      	INCFSZ     R6, 0
;__Lib_Math.c,1871 :: 		
0x036B	0x07FA      	ADDWF      R10, 1
;__Lib_Math.c,1872 :: 		
0x036C	0x0877      	MOVF       R7, 0
;__Lib_Math.c,1873 :: 		
0x036D	0x1803      	BTFSC      STATUS, 0
;__Lib_Math.c,1874 :: 		
0x036E	0x0F77      	INCFSZ     R7, 0
;__Lib_Math.c,1875 :: 		
0x036F	0x07FB      	ADDWF      R11, 1
;__Lib_Math.c,1878 :: 		
_EXIT2:
;__Lib_Math.c,1880 :: 		
L_end_Mul_32x32_U:
0x0370	0x0008      	RETURN
; end of _Mul_32x32_U
_Lcd_Out:
;__Lib_Lcd.c,184 :: 		
;__Lib_Lcd.c,187 :: 		
0x0371	0x2B83      	GOTO       L_Lcd_Out11
;__Lib_Lcd.c,188 :: 		
L_Lcd_Out13:
0x0372	0x3080      	MOVLW      128
0x0373	0x1283      	BCF        STATUS, 5
0x0374	0x1303      	BCF        STATUS, 6
0x0375	0x00D5      	MOVWF      FARG_Lcd_Out_row
0x0376	0x2B96      	GOTO       L_Lcd_Out12
;__Lib_Lcd.c,189 :: 		
L_Lcd_Out14:
0x0377	0x30C0      	MOVLW      192
0x0378	0x00D5      	MOVWF      FARG_Lcd_Out_row
0x0379	0x2B96      	GOTO       L_Lcd_Out12
;__Lib_Lcd.c,190 :: 		
L_Lcd_Out15:
0x037A	0x3094      	MOVLW      148
0x037B	0x00D5      	MOVWF      FARG_Lcd_Out_row
0x037C	0x2B96      	GOTO       L_Lcd_Out12
;__Lib_Lcd.c,191 :: 		
L_Lcd_Out16:
0x037D	0x30D4      	MOVLW      212
0x037E	0x00D5      	MOVWF      FARG_Lcd_Out_row
0x037F	0x2B96      	GOTO       L_Lcd_Out12
;__Lib_Lcd.c,192 :: 		
L_Lcd_Out17:
0x0380	0x3080      	MOVLW      128
0x0381	0x00D5      	MOVWF      FARG_Lcd_Out_row
;__Lib_Lcd.c,193 :: 		
0x0382	0x2B96      	GOTO       L_Lcd_Out12
L_Lcd_Out11:
0x0383	0x1283      	BCF        STATUS, 5
0x0384	0x1303      	BCF        STATUS, 6
0x0385	0x0855      	MOVF       FARG_Lcd_Out_row, 0
0x0386	0x3A01      	XORLW      1
0x0387	0x1903      	BTFSC      STATUS, 2
0x0388	0x2B72      	GOTO       L_Lcd_Out13
0x0389	0x0855      	MOVF       FARG_Lcd_Out_row, 0
0x038A	0x3A02      	XORLW      2
0x038B	0x1903      	BTFSC      STATUS, 2
0x038C	0x2B77      	GOTO       L_Lcd_Out14
0x038D	0x0855      	MOVF       FARG_Lcd_Out_row, 0
0x038E	0x3A03      	XORLW      3
0x038F	0x1903      	BTFSC      STATUS, 2
0x0390	0x2B7A      	GOTO       L_Lcd_Out15
0x0391	0x0855      	MOVF       FARG_Lcd_Out_row, 0
0x0392	0x3A04      	XORLW      4
0x0393	0x1903      	BTFSC      STATUS, 2
0x0394	0x2B7D      	GOTO       L_Lcd_Out16
0x0395	0x2B80      	GOTO       L_Lcd_Out17
L_Lcd_Out12:
;__Lib_Lcd.c,194 :: 		
0x0396	0x0356      	DECF       FARG_Lcd_Out_column, 0
0x0397	0x00F0      	MOVWF      R0
0x0398	0x0855      	MOVF       FARG_Lcd_Out_row, 0
0x0399	0x07F0      	ADDWF      R0, 1
0x039A	0x0870      	MOVF       R0, 0
0x039B	0x00D5      	MOVWF      FARG_Lcd_Out_row
;__Lib_Lcd.c,196 :: 		
0x039C	0x0870      	MOVF       R0, 0
0x039D	0x00E3      	MOVWF      FARG_Lcd_Cmd_out_char
0x039E	0x20AC      	CALL       _Lcd_Cmd
;__Lib_Lcd.c,197 :: 		
0x039F	0x1042      	BCF        __Lib_Lcd_cmd_status, BitPos(__Lib_Lcd_cmd_status+0)
;__Lib_Lcd.c,198 :: 		
0x03A0	0x01D8      	CLRF       Lcd_Out_i_L0
;__Lib_Lcd.c,199 :: 		
L_Lcd_Out18:
0x03A1	0x0858      	MOVF       Lcd_Out_i_L0, 0
0x03A2	0x0757      	ADDWF      FARG_Lcd_Out_text, 0
0x03A3	0x0084      	MOVWF      FSR
0x03A4	0x0800      	MOVF       INDF, 0
0x03A5	0x1903      	BTFSC      STATUS, 2
0x03A6	0x2BAF      	GOTO       L_Lcd_Out19
;__Lib_Lcd.c,200 :: 		
0x03A7	0x0858      	MOVF       Lcd_Out_i_L0, 0
0x03A8	0x0757      	ADDWF      FARG_Lcd_Out_text, 0
0x03A9	0x0084      	MOVWF      FSR
0x03AA	0x0800      	MOVF       INDF, 0
0x03AB	0x00DE      	MOVWF      FARG_Lcd_Chr_CP_out_char
0x03AC	0x2149      	CALL       _Lcd_Chr_CP
0x03AD	0x0AD8      	INCF       Lcd_Out_i_L0, 1
0x03AE	0x2BA1      	GOTO       L_Lcd_Out18
L_Lcd_Out19:
;__Lib_Lcd.c,201 :: 		
0x03AF	0x1442      	BSF        __Lib_Lcd_cmd_status, BitPos(__Lib_Lcd_cmd_status+0)
;__Lib_Lcd.c,202 :: 		
L_end_Lcd_Out:
0x03B0	0x0008      	RETURN
; end of _Lcd_Out
_myDelay:
;laserShooting.c,103 :: 		void myDelay(void){
;laserShooting.c,106 :: 		for(k=0;k<50;k++){
0x03B1	0x1283      	BCF        STATUS, 5
0x03B2	0x1303      	BCF        STATUS, 6
0x03B3	0x01F3      	CLRF       R3
L_myDelay15:
0x03B4	0x3032      	MOVLW      50
0x03B5	0x0273      	SUBWF      R3, 0
0x03B6	0x1803      	BTFSC      STATUS, 0
0x03B7	0x2BC8      	GOTO       L_myDelay16
;laserShooting.c,107 :: 		for(j=0;j<1000;j++){
0x03B8	0x01F1      	CLRF       R1
0x03B9	0x01F2      	CLRF       R1+1
L_myDelay18:
0x03BA	0x3003      	MOVLW      3
0x03BB	0x0272      	SUBWF      R1+1, 0
0x03BC	0x1D03      	BTFSS      STATUS, 2
0x03BD	0x2BC0      	GOTO       L__myDelay63
0x03BE	0x30E8      	MOVLW      232
0x03BF	0x0271      	SUBWF      R1, 0
L__myDelay63:
0x03C0	0x1803      	BTFSC      STATUS, 0
0x03C1	0x2BC6      	GOTO       L_myDelay19
;laserShooting.c,108 :: 		k=k;
;laserShooting.c,109 :: 		j=j;
;laserShooting.c,107 :: 		for(j=0;j<1000;j++){
0x03C2	0x0AF1      	INCF       R1, 1
0x03C3	0x1903      	BTFSC      STATUS, 2
0x03C4	0x0AF2      	INCF       R1+1, 1
;laserShooting.c,110 :: 		}
0x03C5	0x2BBA      	GOTO       L_myDelay18
L_myDelay19:
;laserShooting.c,106 :: 		for(k=0;k<50;k++){
0x03C6	0x0AF3      	INCF       R3, 1
;laserShooting.c,111 :: 		}
0x03C7	0x2BB4      	GOTO       L_myDelay15
L_myDelay16:
;laserShooting.c,113 :: 		}
L_end_myDelay:
0x03C8	0x0008      	RETURN
; end of _myDelay
_myDelay2:
;laserShooting.c,114 :: 		void myDelay2(void){
;laserShooting.c,117 :: 		for(k=0;k<50;k++){
0x03C9	0x1283      	BCF        STATUS, 5
0x03CA	0x1303      	BCF        STATUS, 6
0x03CB	0x01F3      	CLRF       R3
L_myDelay221:
0x03CC	0x3032      	MOVLW      50
0x03CD	0x0273      	SUBWF      R3, 0
0x03CE	0x1803      	BTFSC      STATUS, 0
0x03CF	0x2BE0      	GOTO       L_myDelay222
;laserShooting.c,118 :: 		for(j=0;j<500;j++){
0x03D0	0x01F1      	CLRF       R1
0x03D1	0x01F2      	CLRF       R1+1
L_myDelay224:
0x03D2	0x3001      	MOVLW      1
0x03D3	0x0272      	SUBWF      R1+1, 0
0x03D4	0x1D03      	BTFSS      STATUS, 2
0x03D5	0x2BD8      	GOTO       L__myDelay265
0x03D6	0x30F4      	MOVLW      244
0x03D7	0x0271      	SUBWF      R1, 0
L__myDelay265:
0x03D8	0x1803      	BTFSC      STATUS, 0
0x03D9	0x2BDE      	GOTO       L_myDelay225
;laserShooting.c,119 :: 		k=k;
;laserShooting.c,120 :: 		j=j;
;laserShooting.c,118 :: 		for(j=0;j<500;j++){
0x03DA	0x0AF1      	INCF       R1, 1
0x03DB	0x1903      	BTFSC      STATUS, 2
0x03DC	0x0AF2      	INCF       R1+1, 1
;laserShooting.c,121 :: 		}
0x03DD	0x2BD2      	GOTO       L_myDelay224
L_myDelay225:
;laserShooting.c,117 :: 		for(k=0;k<50;k++){
0x03DE	0x0AF3      	INCF       R3, 1
;laserShooting.c,122 :: 		}
0x03DF	0x2BCC      	GOTO       L_myDelay221
L_myDelay222:
;laserShooting.c,124 :: 		}
L_end_myDelay2:
0x03E0	0x0008      	RETURN
; end of _myDelay2
_read_sonar:
;laserShooting.c,176 :: 		void read_sonar(void){
;laserShooting.c,178 :: 		T1overflow=0;
0x03E1	0x1283      	BCF        STATUS, 5
0x03E2	0x1303      	BCF        STATUS, 6
0x03E3	0x01C3      	CLRF       _T1overflow
0x03E4	0x01C4      	CLRF       _T1overflow+1
;laserShooting.c,179 :: 		TMR1H=0;
0x03E5	0x018F      	CLRF       TMR1H
;laserShooting.c,180 :: 		TMR1L=0;
0x03E6	0x018E      	CLRF       TMR1L
;laserShooting.c,182 :: 		PORTE=0x04;//Trigger the ultrasonic sensor (RE2 connected to trigger)
0x03E7	0x3004      	MOVLW      4
0x03E8	0x0089      	MOVWF      PORTE
;laserShooting.c,183 :: 		Delay_us(10);//keep trigger for 10uS
0x03E9	0x3006      	MOVLW      6
0x03EA	0x00FD      	MOVWF      R13
L_read_sonar50:
0x03EB	0x0BFD      	DECFSZ     R13, 1
0x03EC	0x2BEB      	GOTO       L_read_sonar50
0x03ED	0x0000      	NOP
;laserShooting.c,184 :: 		PORTE=0x00;//Remove trigger
0x03EE	0x0189      	CLRF       PORTE
;laserShooting.c,185 :: 		while(!(PORTE&0x02));
L_read_sonar51:
0x03EF	0x1889      	BTFSC      PORTE, 1
0x03F0	0x2BF2      	GOTO       L_read_sonar52
0x03F1	0x2BEF      	GOTO       L_read_sonar51
L_read_sonar52:
;laserShooting.c,186 :: 		T1CON=0x19;//TMR1 ON,  Fosc/4 (inc 1uS) with 1:2 prescaler (TMR1 overflow after 0xFFFF counts ==65536)==> 65.536ms
0x03F2	0x3019      	MOVLW      25
0x03F3	0x0090      	MOVWF      T1CON
;laserShooting.c,187 :: 		while(PORTE&0x02);
L_read_sonar53:
0x03F4	0x1C89      	BTFSS      PORTE, 1
0x03F5	0x2BF7      	GOTO       L_read_sonar54
0x03F6	0x2BF4      	GOTO       L_read_sonar53
L_read_sonar54:
;laserShooting.c,188 :: 		T1CON=0x18;//TMR1 OFF,  Fosc/4 (inc 1uS) with 1:1 prescaler (TMR1 overflow after 0xFFFF counts ==65536)==> 65.536ms
0x03F7	0x3018      	MOVLW      24
0x03F8	0x0090      	MOVWF      T1CON
;laserShooting.c,189 :: 		T1counts=((TMR1H<<8)|TMR1L)+(T1overflow*65536);
0x03F9	0x080F      	MOVF       TMR1H, 0
0x03FA	0x00F1      	MOVWF      R0+1
0x03FB	0x01F0      	CLRF       R0
0x03FC	0x080E      	MOVF       TMR1L, 0
0x03FD	0x0470      	IORWF      R0, 0
0x03FE	0x00F5      	MOVWF      R5
0x03FF	0x0871      	MOVF       R0+1, 0
0x0400	0x00F6      	MOVWF      R5+1
0x0401	0x3000      	MOVLW      0
0x0402	0x04F6      	IORWF      R5+1, 1
0x0403	0x0844      	MOVF       _T1overflow+1, 0
0x0404	0x00F3      	MOVWF      R0+3
0x0405	0x0843      	MOVF       _T1overflow, 0
0x0406	0x00F2      	MOVWF      R0+2
0x0407	0x01F0      	CLRF       R0
0x0408	0x01F1      	CLRF       R0+1
0x0409	0x0875      	MOVF       R5, 0
0x040A	0x00C7      	MOVWF      _T1counts
0x040B	0x0876      	MOVF       R5+1, 0
0x040C	0x00C8      	MOVWF      _T1counts+1
0x040D	0x01C9      	CLRF       _T1counts+2
0x040E	0x01CA      	CLRF       _T1counts+3
0x040F	0x0870      	MOVF       R0, 0
0x0410	0x07C7      	ADDWF      _T1counts, 1
0x0411	0x0871      	MOVF       R0+1, 0
0x0412	0x1803      	BTFSC      STATUS, 0
0x0413	0x0F71      	INCFSZ     R0+1, 0
0x0414	0x07C8      	ADDWF      _T1counts+1, 1
0x0415	0x0872      	MOVF       R0+2, 0
0x0416	0x1803      	BTFSC      STATUS, 0
0x0417	0x0F72      	INCFSZ     R0+2, 0
0x0418	0x07C9      	ADDWF      _T1counts+2, 1
0x0419	0x0873      	MOVF       R0+3, 0
0x041A	0x1803      	BTFSC      STATUS, 0
0x041B	0x0F73      	INCFSZ     R0+3, 0
0x041C	0x07CA      	ADDWF      _T1counts+3, 1
;laserShooting.c,190 :: 		if(TMR1L>100) ;
0x041D	0x080E      	MOVF       TMR1L, 0
0x041E	0x3C64      	SUBLW      100
0x041F	0x1803      	BTFSC      STATUS, 0
0x0420	0x2C21      	GOTO       L_read_sonar55
L_read_sonar55:
;laserShooting.c,191 :: 		T1time=T1counts;//in microseconds
0x0421	0x0847      	MOVF       _T1counts, 0
0x0422	0x00CF      	MOVWF      _T1time
0x0423	0x0848      	MOVF       _T1counts+1, 0
0x0424	0x00D0      	MOVWF      _T1time+1
0x0425	0x0849      	MOVF       _T1counts+2, 0
0x0426	0x00D1      	MOVWF      _T1time+2
0x0427	0x084A      	MOVF       _T1counts+3, 0
0x0428	0x00D2      	MOVWF      _T1time+3
;laserShooting.c,192 :: 		Distance=((T1time*34)/(1000))/2; //in cm, shift left twice to divide by 2
0x0429	0x0847      	MOVF       _T1counts, 0
0x042A	0x00F0      	MOVWF      R0
0x042B	0x0848      	MOVF       _T1counts+1, 0
0x042C	0x00F1      	MOVWF      R0+1
0x042D	0x0849      	MOVF       _T1counts+2, 0
0x042E	0x00F2      	MOVWF      R0+2
0x042F	0x084A      	MOVF       _T1counts+3, 0
0x0430	0x00F3      	MOVWF      R0+3
0x0431	0x3022      	MOVLW      34
0x0432	0x00F4      	MOVWF      R4
0x0433	0x01F5      	CLRF       R4+1
0x0434	0x01F6      	CLRF       R4+2
0x0435	0x01F7      	CLRF       R4+3
0x0436	0x233A      	CALL       _Mul_32x32_U
0x0437	0x30E8      	MOVLW      232
0x0438	0x00F4      	MOVWF      R4
0x0439	0x3003      	MOVLW      3
0x043A	0x00F5      	MOVWF      R4+1
0x043B	0x01F6      	CLRF       R4+2
0x043C	0x01F7      	CLRF       R4+3
0x043D	0x2151      	CALL       _Div_32x32_U
0x043E	0x0870      	MOVF       R0, 0
0x043F	0x00CB      	MOVWF      _Distance
0x0440	0x0871      	MOVF       R0+1, 0
0x0441	0x00CC      	MOVWF      _Distance+1
0x0442	0x0872      	MOVF       R0+2, 0
0x0443	0x00CD      	MOVWF      _Distance+2
0x0444	0x0873      	MOVF       R0+3, 0
0x0445	0x00CE      	MOVWF      _Distance+3
0x0446	0x0CCE      	RRF        _Distance+3, 1
0x0447	0x0CCD      	RRF        _Distance+2, 1
0x0448	0x0CCC      	RRF        _Distance+1, 1
0x0449	0x0CCB      	RRF        _Distance, 1
0x044A	0x13CE      	BCF        _Distance+3, 7
;laserShooting.c,196 :: 		}
L_end_read_sonar:
0x044B	0x0008      	RETURN
; end of _read_sonar
_Rotation0:
;laserShooting.c,144 :: 		void Rotation0 () //0 Degree
;laserShooting.c,147 :: 		for (i=0;i<50;i++)
0x044C	0x1283      	BCF        STATUS, 5
0x044D	0x1303      	BCF        STATUS, 6
0x044E	0x01F1      	CLRF       R1
0x044F	0x01F2      	CLRF       R1+1
L_Rotation038:
0x0450	0x3000      	MOVLW      0
0x0451	0x0272      	SUBWF      R1+1, 0
0x0452	0x1D03      	BTFSS      STATUS, 2
0x0453	0x2C56      	GOTO       L__Rotation071
0x0454	0x3032      	MOVLW      50
0x0455	0x0271      	SUBWF      R1, 0
L__Rotation071:
0x0456	0x1803      	BTFSC      STATUS, 0
0x0457	0x2C7E      	GOTO       L_Rotation039
;laserShooting.c,149 :: 		PORTC=PORTC|0x80;
0x0458	0x1787      	BSF        PORTC, 7
;laserShooting.c,150 :: 		delay_us (600); // pulse of 800us
0x0459	0x3002      	MOVLW      2
0x045A	0x00FC      	MOVWF      R12
0x045B	0x308D      	MOVLW      141
0x045C	0x00FD      	MOVWF      R13
L_Rotation041:
0x045D	0x0BFD      	DECFSZ     R13, 1
0x045E	0x2C5D      	GOTO       L_Rotation041
0x045F	0x0BFC      	DECFSZ     R12, 1
0x0460	0x2C5D      	GOTO       L_Rotation041
0x0461	0x0000      	NOP
0x0462	0x0000      	NOP
;laserShooting.c,151 :: 		PORTC=PORTC&0x7F;
0x0463	0x307F      	MOVLW      127
0x0464	0x0587      	ANDWF      PORTC, 1
;laserShooting.c,152 :: 		PORTC=PORTC|0x40;
0x0465	0x1707      	BSF        PORTC, 6
;laserShooting.c,153 :: 		delay_us (600);
0x0466	0x3002      	MOVLW      2
0x0467	0x00FC      	MOVWF      R12
0x0468	0x308D      	MOVLW      141
0x0469	0x00FD      	MOVWF      R13
L_Rotation042:
0x046A	0x0BFD      	DECFSZ     R13, 1
0x046B	0x2C6A      	GOTO       L_Rotation042
0x046C	0x0BFC      	DECFSZ     R12, 1
0x046D	0x2C6A      	GOTO       L_Rotation042
0x046E	0x0000      	NOP
0x046F	0x0000      	NOP
;laserShooting.c,154 :: 		PORTC=PORTC&0xBF;
0x0470	0x30BF      	MOVLW      191
0x0471	0x0587      	ANDWF      PORTC, 1
;laserShooting.c,155 :: 		delay_ms (24);
0x0472	0x303F      	MOVLW      63
0x0473	0x00FC      	MOVWF      R12
0x0474	0x3055      	MOVLW      85
0x0475	0x00FD      	MOVWF      R13
L_Rotation043:
0x0476	0x0BFD      	DECFSZ     R13, 1
0x0477	0x2C76      	GOTO       L_Rotation043
0x0478	0x0BFC      	DECFSZ     R12, 1
0x0479	0x2C76      	GOTO       L_Rotation043
;laserShooting.c,147 :: 		for (i=0;i<50;i++)
0x047A	0x0AF1      	INCF       R1, 1
0x047B	0x1903      	BTFSC      STATUS, 2
0x047C	0x0AF2      	INCF       R1+1, 1
;laserShooting.c,156 :: 		}
0x047D	0x2C50      	GOTO       L_Rotation038
L_Rotation039:
;laserShooting.c,157 :: 		}
L_end_Rotation0:
0x047E	0x0008      	RETURN
; end of _Rotation0
_Lcd_Init:
;__Lib_Lcd.c,84 :: 		
;__Lib_Lcd.c,86 :: 		
0x047F	0x1683      	BSF        STATUS, 5
0x0480	0x1303      	BCF        STATUS, 6
0x0481	0x1288      	BCF        LCD_EN_Direction, BitPos(LCD_EN_Direction+0)
;__Lib_Lcd.c,87 :: 		
0x0482	0x1208      	BCF        LCD_RS_Direction, BitPos(LCD_RS_Direction+0)
;__Lib_Lcd.c,88 :: 		
0x0483	0x1008      	BCF        LCD_D4_Direction, BitPos(LCD_D4_Direction+0)
;__Lib_Lcd.c,89 :: 		
0x0484	0x1088      	BCF        LCD_D5_Direction, BitPos(LCD_D5_Direction+0)
;__Lib_Lcd.c,90 :: 		
0x0485	0x1108      	BCF        LCD_D6_Direction, BitPos(LCD_D6_Direction+0)
;__Lib_Lcd.c,91 :: 		
0x0486	0x1188      	BCF        LCD_D7_Direction, BitPos(LCD_D7_Direction+0)
;__Lib_Lcd.c,93 :: 		
0x0487	0x1283      	BCF        STATUS, 5
0x0488	0x1288      	BCF        LCD_EN, BitPos(LCD_EN+0)
;__Lib_Lcd.c,94 :: 		
0x0489	0x1208      	BCF        LCD_RS, BitPos(LCD_RS+0)
;__Lib_Lcd.c,95 :: 		
0x048A	0x1188      	BCF        LCD_D7, BitPos(LCD_D7+0)
;__Lib_Lcd.c,96 :: 		
0x048B	0x1108      	BCF        LCD_D6, BitPos(LCD_D6+0)
;__Lib_Lcd.c,97 :: 		
0x048C	0x1088      	BCF        LCD_D5, BitPos(LCD_D5+0)
;__Lib_Lcd.c,98 :: 		
0x048D	0x1008      	BCF        LCD_D4, BitPos(LCD_D4+0)
;__Lib_Lcd.c,100 :: 		
0x048E	0x209F      	CALL       _Delay_5500us
;__Lib_Lcd.c,101 :: 		
0x048F	0x209F      	CALL       _Delay_5500us
;__Lib_Lcd.c,102 :: 		
0x0490	0x209F      	CALL       _Delay_5500us
;__Lib_Lcd.c,105 :: 		
0x0491	0x1488      	BSF        LCD_D5, BitPos(LCD_D5+0)
;__Lib_Lcd.c,106 :: 		
0x0492	0x1408      	BSF        LCD_D4, BitPos(LCD_D4+0)
;__Lib_Lcd.c,107 :: 		
0x0493	0x1688      	BSF        LCD_EN, BitPos(LCD_EN+0)
;__Lib_Lcd.c,108 :: 		
0x0494	0x209C      	CALL       _Delay_1us
;__Lib_Lcd.c,109 :: 		
0x0495	0x1288      	BCF        LCD_EN, BitPos(LCD_EN+0)
;__Lib_Lcd.c,110 :: 		
0x0496	0x209F      	CALL       _Delay_5500us
;__Lib_Lcd.c,112 :: 		
0x0497	0x1688      	BSF        LCD_EN, BitPos(LCD_EN+0)
;__Lib_Lcd.c,113 :: 		
0x0498	0x209C      	CALL       _Delay_1us
;__Lib_Lcd.c,114 :: 		
0x0499	0x1288      	BCF        LCD_EN, BitPos(LCD_EN+0)
;__Lib_Lcd.c,115 :: 		
0x049A	0x209F      	CALL       _Delay_5500us
;__Lib_Lcd.c,117 :: 		
0x049B	0x1688      	BSF        LCD_EN, BitPos(LCD_EN+0)
;__Lib_Lcd.c,118 :: 		
0x049C	0x209C      	CALL       _Delay_1us
;__Lib_Lcd.c,119 :: 		
0x049D	0x1288      	BCF        LCD_EN, BitPos(LCD_EN+0)
;__Lib_Lcd.c,120 :: 		
0x049E	0x209F      	CALL       _Delay_5500us
;__Lib_Lcd.c,123 :: 		
0x049F	0x1008      	BCF        LCD_D4, BitPos(LCD_D4+0)
;__Lib_Lcd.c,124 :: 		
0x04A0	0x1688      	BSF        LCD_EN, BitPos(LCD_EN+0)
;__Lib_Lcd.c,125 :: 		
0x04A1	0x209C      	CALL       _Delay_1us
;__Lib_Lcd.c,126 :: 		
0x04A2	0x1288      	BCF        LCD_EN, BitPos(LCD_EN+0)
;__Lib_Lcd.c,127 :: 		
0x04A3	0x209F      	CALL       _Delay_5500us
;__Lib_Lcd.c,130 :: 		
0x04A4	0x1688      	BSF        LCD_EN, BitPos(LCD_EN+0)
;__Lib_Lcd.c,131 :: 		
0x04A5	0x209C      	CALL       _Delay_1us
;__Lib_Lcd.c,132 :: 		
0x04A6	0x1288      	BCF        LCD_EN, BitPos(LCD_EN+0)
;__Lib_Lcd.c,134 :: 		
0x04A7	0x1088      	BCF        LCD_D5, BitPos(LCD_D5+0)
;__Lib_Lcd.c,135 :: 		
0x04A8	0x1588      	BSF        LCD_D7, BitPos(LCD_D7+0)
;__Lib_Lcd.c,136 :: 		
0x04A9	0x1688      	BSF        LCD_EN, BitPos(LCD_EN+0)
;__Lib_Lcd.c,137 :: 		
0x04AA	0x209C      	CALL       _Delay_1us
;__Lib_Lcd.c,138 :: 		
0x04AB	0x1288      	BCF        LCD_EN, BitPos(LCD_EN+0)
;__Lib_Lcd.c,139 :: 		
0x04AC	0x209F      	CALL       _Delay_5500us
;__Lib_Lcd.c,142 :: 		
0x04AD	0x1188      	BCF        LCD_D7, BitPos(LCD_D7+0)
;__Lib_Lcd.c,143 :: 		
0x04AE	0x1408      	BSF        LCD_D4, BitPos(LCD_D4+0)
;__Lib_Lcd.c,144 :: 		
0x04AF	0x1688      	BSF        LCD_EN, BitPos(LCD_EN+0)
;__Lib_Lcd.c,145 :: 		
0x04B0	0x209C      	CALL       _Delay_1us
;__Lib_Lcd.c,146 :: 		
0x04B1	0x1288      	BCF        LCD_EN, BitPos(LCD_EN+0)
;__Lib_Lcd.c,148 :: 		
0x04B2	0x1008      	BCF        LCD_D4, BitPos(LCD_D4+0)
;__Lib_Lcd.c,149 :: 		
0x04B3	0x1688      	BSF        LCD_EN, BitPos(LCD_EN+0)
;__Lib_Lcd.c,150 :: 		
0x04B4	0x209C      	CALL       _Delay_1us
;__Lib_Lcd.c,151 :: 		
0x04B5	0x1288      	BCF        LCD_EN, BitPos(LCD_EN+0)
;__Lib_Lcd.c,152 :: 		
0x04B6	0x209F      	CALL       _Delay_5500us
;__Lib_Lcd.c,155 :: 		
0x04B7	0x1688      	BSF        LCD_EN, BitPos(LCD_EN+0)
;__Lib_Lcd.c,156 :: 		
0x04B8	0x209C      	CALL       _Delay_1us
;__Lib_Lcd.c,157 :: 		
0x04B9	0x1288      	BCF        LCD_EN, BitPos(LCD_EN+0)
;__Lib_Lcd.c,159 :: 		
0x04BA	0x1408      	BSF        LCD_D4, BitPos(LCD_D4+0)
;__Lib_Lcd.c,160 :: 		
0x04BB	0x1688      	BSF        LCD_EN, BitPos(LCD_EN+0)
;__Lib_Lcd.c,161 :: 		
0x04BC	0x209C      	CALL       _Delay_1us
;__Lib_Lcd.c,162 :: 		
0x04BD	0x1288      	BCF        LCD_EN, BitPos(LCD_EN+0)
;__Lib_Lcd.c,163 :: 		
0x04BE	0x209F      	CALL       _Delay_5500us
;__Lib_Lcd.c,166 :: 		
0x04BF	0x1008      	BCF        LCD_D4, BitPos(LCD_D4+0)
;__Lib_Lcd.c,167 :: 		
0x04C0	0x1688      	BSF        LCD_EN, BitPos(LCD_EN+0)
;__Lib_Lcd.c,168 :: 		
0x04C1	0x209C      	CALL       _Delay_1us
;__Lib_Lcd.c,169 :: 		
0x04C2	0x1288      	BCF        LCD_EN, BitPos(LCD_EN+0)
;__Lib_Lcd.c,171 :: 		
0x04C3	0x1588      	BSF        LCD_D7, BitPos(LCD_D7+0)
;__Lib_Lcd.c,172 :: 		
0x04C4	0x1508      	BSF        LCD_D6, BitPos(LCD_D6+0)
;__Lib_Lcd.c,173 :: 		
0x04C5	0x1488      	BSF        LCD_D5, BitPos(LCD_D5+0)
;__Lib_Lcd.c,174 :: 		
0x04C6	0x1408      	BSF        LCD_D4, BitPos(LCD_D4+0)
;__Lib_Lcd.c,175 :: 		
0x04C7	0x1688      	BSF        LCD_EN, BitPos(LCD_EN+0)
;__Lib_Lcd.c,176 :: 		
0x04C8	0x209C      	CALL       _Delay_1us
;__Lib_Lcd.c,177 :: 		
0x04C9	0x1288      	BCF        LCD_EN, BitPos(LCD_EN+0)
;__Lib_Lcd.c,179 :: 		
0x04CA	0x209F      	CALL       _Delay_5500us
;__Lib_Lcd.c,181 :: 		
0x04CB	0x1442      	BSF        __Lib_Lcd_cmd_status, BitPos(__Lib_Lcd_cmd_status+0)
;__Lib_Lcd.c,182 :: 		
L_end_Lcd_Init:
0x04CC	0x0008      	RETURN
; end of _Lcd_Init
_init_sonar:
;laserShooting.c,198 :: 		void init_sonar(void){
;laserShooting.c,199 :: 		T1overflow=0;
0x04CD	0x1283      	BCF        STATUS, 5
0x04CE	0x1303      	BCF        STATUS, 6
0x04CF	0x01C3      	CLRF       _T1overflow
0x04D0	0x01C4      	CLRF       _T1overflow+1
;laserShooting.c,200 :: 		T1counts=0;
0x04D1	0x01C7      	CLRF       _T1counts
0x04D2	0x01C8      	CLRF       _T1counts+1
0x04D3	0x01C9      	CLRF       _T1counts+2
0x04D4	0x01CA      	CLRF       _T1counts+3
;laserShooting.c,201 :: 		T1time=0;
0x04D5	0x01CF      	CLRF       _T1time
0x04D6	0x01D0      	CLRF       _T1time+1
0x04D7	0x01D1      	CLRF       _T1time+2
0x04D8	0x01D2      	CLRF       _T1time+3
;laserShooting.c,202 :: 		Distance=0;
0x04D9	0x01CB      	CLRF       _Distance
0x04DA	0x01CC      	CLRF       _Distance+1
0x04DB	0x01CD      	CLRF       _Distance+2
0x04DC	0x01CE      	CLRF       _Distance+3
;laserShooting.c,203 :: 		TMR1H=0;
0x04DD	0x018F      	CLRF       TMR1H
;laserShooting.c,204 :: 		TMR1L=0;
0x04DE	0x018E      	CLRF       TMR1L
;laserShooting.c,205 :: 		TRISE=0x02; //RE2 for trigger, RE1 for echo
0x04DF	0x3002      	MOVLW      2
0x04E0	0x1683      	BSF        STATUS, 5
0x04E1	0x0089      	MOVWF      TRISE
;laserShooting.c,206 :: 		PORTE=0x00;
0x04E2	0x1283      	BCF        STATUS, 5
0x04E3	0x0189      	CLRF       PORTE
;laserShooting.c,207 :: 		INTCON=INTCON|0xC0;//GIE and PIE
0x04E4	0x30C0      	MOVLW      192
0x04E5	0x048B      	IORWF      INTCON, 1
;laserShooting.c,208 :: 		PIE1=PIE1|0x01;// Enable TMR1 Overflow interrupt
0x04E6	0x1683      	BSF        STATUS, 5
0x04E7	0x140C      	BSF        PIE1, 0
;laserShooting.c,210 :: 		T1CON=0x18;//TMR1 OFF,  Fosc/4 (inc 1uS) with 1:2 prescaler (TMR1 overflow after 0xFFFF counts ==65536)==> 65.536ms
0x04E8	0x3018      	MOVLW      24
0x04E9	0x1283      	BCF        STATUS, 5
0x04EA	0x0090      	MOVWF      T1CON
;laserShooting.c,211 :: 		}
L_end_init_sonar:
0x04EB	0x0008      	RETURN
; end of _init_sonar
_printdist:
;laserShooting.c,228 :: 		void printdist(){
;laserShooting.c,230 :: 		Lcd_Cmd(_LCD_CLEAR);
0x04EC	0x3001      	MOVLW      1
0x04ED	0x1283      	BCF        STATUS, 5
0x04EE	0x1303      	BCF        STATUS, 6
0x04EF	0x00E3      	MOVWF      FARG_Lcd_Cmd_out_char
0x04F0	0x20AC      	CALL       _Lcd_Cmd
;laserShooting.c,231 :: 		Lcd_Cmd(_LCD_CURSOR_OFF);
0x04F1	0x300C      	MOVLW      12
0x04F2	0x00E3      	MOVWF      FARG_Lcd_Cmd_out_char
0x04F3	0x20AC      	CALL       _Lcd_Cmd
;laserShooting.c,232 :: 		Lcd_Out(1,1,"score=");
0x04F4	0x3001      	MOVLW      1
0x04F5	0x00D5      	MOVWF      FARG_Lcd_Out_row
0x04F6	0x3001      	MOVLW      1
0x04F7	0x00D6      	MOVWF      FARG_Lcd_Out_column
0x04F8	0x3027      	MOVLW      ?lstr1_laserShooting
0x04F9	0x00D7      	MOVWF      FARG_Lcd_Out_text
0x04FA	0x2371      	CALL       _Lcd_Out
;laserShooting.c,233 :: 		inttostr(points,txt);
0x04FB	0x082E      	MOVF       _points, 0
0x04FC	0x00D5      	MOVWF      FARG_IntToStr_input
0x04FD	0x082F      	MOVF       _points+1, 0
0x04FE	0x00D6      	MOVWF      FARG_IntToStr_input+1
0x04FF	0x3032      	MOVLW      _txt
0x0500	0x00D7      	MOVWF      FARG_IntToStr_output
0x0501	0x22D0      	CALL       _IntToStr
;laserShooting.c,234 :: 		Lcd_Out(1,7,txt);
0x0502	0x3001      	MOVLW      1
0x0503	0x00D5      	MOVWF      FARG_Lcd_Out_row
0x0504	0x3007      	MOVLW      7
0x0505	0x00D6      	MOVWF      FARG_Lcd_Out_column
0x0506	0x3032      	MOVLW      _txt
0x0507	0x00D7      	MOVWF      FARG_Lcd_Out_text
0x0508	0x2371      	CALL       _Lcd_Out
;laserShooting.c,235 :: 		}
L_end_printdist:
0x0509	0x0008      	RETURN
; end of _printdist
___CC2DW:
;__Lib_System.c,134 :: 		
;__Lib_System.c,137 :: 		
_CC2D_Loop1:
;__Lib_System.c,139 :: 		
0x050A	0x22C9      	CALL       _____DoICP
0x050B	0x118A      	BCF        PCLATH, 3
0x050C	0x120A      	BCF        PCLATH, 4
;__Lib_System.c,141 :: 		
0x050D	0x0080      	MOVWF      INDF
;__Lib_System.c,142 :: 		
0x050E	0x0A84      	INCF       FSR, 1
;__Lib_System.c,143 :: 		
0x050F	0x0AC5      	INCF       ___DoICPAddr, 1
;__Lib_System.c,145 :: 		
0x0510	0x1903      	BTFSC      STATUS, 2
;__Lib_System.c,146 :: 		
0x0511	0x0AC6      	INCF       ___DoICPAddr+1, 1
;__Lib_System.c,147 :: 		
0x0512	0x03F0      	DECF       R0, 1
;__Lib_System.c,149 :: 		
0x0513	0x1D03      	BTFSS      STATUS, 2
;__Lib_System.c,150 :: 		
0x0514	0x2D0A      	GOTO       _CC2D_Loop1
;__Lib_System.c,152 :: 		
L_end___CC2DW:
0x0515	0x0008      	RETURN
; end of ___CC2DW
_Rotation120:
;laserShooting.c,161 :: 		void Rotation120 () //120 Degree
;laserShooting.c,164 :: 		for (i=0;i<50;i++)
0x0516	0x1283      	BCF        STATUS, 5
0x0517	0x1303      	BCF        STATUS, 6
0x0518	0x01F1      	CLRF       R1
0x0519	0x01F2      	CLRF       R1+1
L_Rotation12044:
0x051A	0x3000      	MOVLW      0
0x051B	0x0272      	SUBWF      R1+1, 0
0x051C	0x1D03      	BTFSS      STATUS, 2
0x051D	0x2D20      	GOTO       L__Rotation12073
0x051E	0x3032      	MOVLW      50
0x051F	0x0271      	SUBWF      R1, 0
L__Rotation12073:
0x0520	0x1803      	BTFSC      STATUS, 0
0x0521	0x2D46      	GOTO       L_Rotation12045
;laserShooting.c,166 :: 		PORTC=PORTC|0x80;
0x0522	0x1787      	BSF        PORTC, 7
;laserShooting.c,167 :: 		delay_us (1600); // pulse of 1800us
0x0523	0x3005      	MOVLW      5
0x0524	0x00FC      	MOVWF      R12
0x0525	0x3026      	MOVLW      38
0x0526	0x00FD      	MOVWF      R13
L_Rotation12047:
0x0527	0x0BFD      	DECFSZ     R13, 1
0x0528	0x2D27      	GOTO       L_Rotation12047
0x0529	0x0BFC      	DECFSZ     R12, 1
0x052A	0x2D27      	GOTO       L_Rotation12047
0x052B	0x0000      	NOP
;laserShooting.c,168 :: 		PORTC=PORTC&0x7F;
0x052C	0x307F      	MOVLW      127
0x052D	0x0587      	ANDWF      PORTC, 1
;laserShooting.c,169 :: 		PORTC=PORTC|0x40;
0x052E	0x1707      	BSF        PORTC, 6
;laserShooting.c,170 :: 		delay_us (1600);
0x052F	0x3005      	MOVLW      5
0x0530	0x00FC      	MOVWF      R12
0x0531	0x3026      	MOVLW      38
0x0532	0x00FD      	MOVWF      R13
L_Rotation12048:
0x0533	0x0BFD      	DECFSZ     R13, 1
0x0534	0x2D33      	GOTO       L_Rotation12048
0x0535	0x0BFC      	DECFSZ     R12, 1
0x0536	0x2D33      	GOTO       L_Rotation12048
0x0537	0x0000      	NOP
;laserShooting.c,171 :: 		PORTC=PORTC&0xBF;
0x0538	0x30BF      	MOVLW      191
0x0539	0x0587      	ANDWF      PORTC, 1
;laserShooting.c,172 :: 		delay_ms (24);
0x053A	0x303F      	MOVLW      63
0x053B	0x00FC      	MOVWF      R12
0x053C	0x3055      	MOVLW      85
0x053D	0x00FD      	MOVWF      R13
L_Rotation12049:
0x053E	0x0BFD      	DECFSZ     R13, 1
0x053F	0x2D3E      	GOTO       L_Rotation12049
0x0540	0x0BFC      	DECFSZ     R12, 1
0x0541	0x2D3E      	GOTO       L_Rotation12049
;laserShooting.c,164 :: 		for (i=0;i<50;i++)
0x0542	0x0AF1      	INCF       R1, 1
0x0543	0x1903      	BTFSC      STATUS, 2
0x0544	0x0AF2      	INCF       R1+1, 1
;laserShooting.c,173 :: 		}
0x0545	0x2D1A      	GOTO       L_Rotation12044
L_Rotation12045:
;laserShooting.c,174 :: 		}
L_end_Rotation120:
0x0546	0x0008      	RETURN
; end of _Rotation120
_main:
0x0547	0x3073      	MOVLW      115
0x0548	0x1283      	BCF        STATUS, 5
0x0549	0x1303      	BCF        STATUS, 6
0x054A	0x00A7      	MOVWF      ?lstr1_laserShooting
0x054B	0x3063      	MOVLW      99
0x054C	0x00A8      	MOVWF      40
0x054D	0x306F      	MOVLW      111
0x054E	0x00A9      	MOVWF      41
0x054F	0x3072      	MOVLW      114
0x0550	0x00AA      	MOVWF      42
0x0551	0x3065      	MOVLW      101
0x0552	0x00AB      	MOVWF      43
0x0553	0x303D      	MOVLW      61
0x0554	0x00AC      	MOVWF      44
0x0555	0x01AD      	CLRF       45
0x0556	0x01AE      	CLRF       _points
0x0557	0x01AF      	CLRF       47
0x0558	0x01B0      	CLRF       _Dcntr
0x0559	0x01B1      	CLRF       49
0x055A	0x01B2      	CLRF       _txt
0x055B	0x01B3      	CLRF       51
0x055C	0x01B4      	CLRF       52
0x055D	0x01B5      	CLRF       53
0x055E	0x01B6      	CLRF       54
0x055F	0x01B7      	CLRF       55
0x0560	0x01B8      	CLRF       56
0x0561	0x01B9      	CLRF       57
0x0562	0x01BA      	CLRF       58
0x0563	0x01BB      	CLRF       59
0x0564	0x01BC      	CLRF       60
0x0565	0x01BD      	CLRF       61
0x0566	0x01BE      	CLRF       62
0x0567	0x01BF      	CLRF       63
0x0568	0x01C0      	CLRF       64
0x0569	0x01C1      	CLRF       65
;laserShooting.c,81 :: 		void main() {
;laserShooting.c,83 :: 		TRISC=0x00;
0x056A	0x1683      	BSF        STATUS, 5
0x056B	0x0187      	CLRF       TRISC
;laserShooting.c,84 :: 		TRISB =0x07;
0x056C	0x3007      	MOVLW      7
0x056D	0x0086      	MOVWF      TRISB
;laserShooting.c,85 :: 		PORTB= 0x00;
0x056E	0x1283      	BCF        STATUS, 5
0x056F	0x0186      	CLRF       PORTB
;laserShooting.c,86 :: 		PORTC=0x00;
0x0570	0x0187      	CLRF       PORTC
;laserShooting.c,87 :: 		ADCON1=0x06;//PORTA Digital
0x0571	0x3006      	MOVLW      6
0x0572	0x1683      	BSF        STATUS, 5
0x0573	0x009F      	MOVWF      ADCON1
;laserShooting.c,88 :: 		TRISA=0x00;
0x0574	0x0185      	CLRF       TRISA
;laserShooting.c,89 :: 		TMR0=248;
0x0575	0x30F8      	MOVLW      248
0x0576	0x1283      	BCF        STATUS, 5
0x0577	0x0081      	MOVWF      TMR0
;laserShooting.c,90 :: 		Lcd_Init();
0x0578	0x247F      	CALL       _Lcd_Init
;laserShooting.c,92 :: 		CCP1CON=0x00;// Disable CCP. Capture on rising for the first time.  Capture on Rising: 0x05, Capture on Falling: 0x04
0x0579	0x0197      	CLRF       CCP1CON
;laserShooting.c,93 :: 		OPTION_REG = 0x87;//Fosc/4 with 256 prescaler => incremetn every 0.5us*256=128us ==> overflow 8count*128us=1ms to overflow
0x057A	0x3087      	MOVLW      135
0x057B	0x1683      	BSF        STATUS, 5
0x057C	0x0081      	MOVWF      OPTION_REG
;laserShooting.c,94 :: 		INTCON=0xF0;//enable TMR0 overflow, TMR1 overflow, External interrupts and peripheral interrupts;
0x057D	0x30F0      	MOVLW      240
0x057E	0x008B      	MOVWF      INTCON
;laserShooting.c,95 :: 		init_sonar();
0x057F	0x24CD      	CALL       _init_sonar
;laserShooting.c,96 :: 		while(1){
L_main13:
;laserShooting.c,97 :: 		Rotation0 (); //0 Degree
0x0580	0x244C      	CALL       _Rotation0
;laserShooting.c,98 :: 		Rotation120 (); //120 Degree
0x0581	0x2516      	CALL       _Rotation120
;laserShooting.c,99 :: 		}
0x0582	0x2D80      	GOTO       L_main13
;laserShooting.c,100 :: 		}
L_end_main:
0x0583	0x2D83      	GOTO       $+0
; end of _main
Symbol List:
//** Routines locations **
//ADDRESS    SIZE    PROCEDURE
//----------------------------------------------
0x0004     [145]    _interrupt
0x0095       [7]    _Delay_50us
0x009C       [3]    _Delay_1us
0x009F      [13]    _Delay_5500us
0x00AC      [64]    _Lcd_Cmd
0x00EC      [29]    _Div_16X16_U
0x0109      [64]    _WordToStr
0x0149       [8]    _Lcd_Chr_CP
0x0151     [376]    _Div_32x32_U
0x02C9       [7]    _____DoICP
0x02D0     [106]    _IntToStr
0x033A      [55]    _Mul_32x32_U
0x0371      [64]    _Lcd_Out
0x03B1      [24]    _myDelay
0x03C9      [24]    _myDelay2
0x03E1     [107]    _read_sonar
0x044C      [51]    _Rotation0
0x047F      [78]    _Lcd_Init
0x04CD      [31]    _init_sonar
0x04EC      [30]    _printdist
0x050A      [12]    ___CC2DW
0x0516      [49]    _Rotation120
0x0547      [61]    _main
//** Variables locations ** 
//ADDRESS    SIZE    VARIABLE
//----------------------------------------------
0x0000       [1]    INDF
0x0001       [1]    TMR0
0x0002       [1]    PCL
0x0003       [1]    STATUS
0x0004       [1]    FSR
0x0005       [1]    PORTA
0x0006       [1]    PORTB
0x0007       [1]    PORTC
0x0008       [0]    LCD_D7
0x0008       [0]    LCD_RS
0x0008       [0]    RD0_bit
0x0008       [0]    LCD_D6
0x0008       [0]    LCD_EN
0x0008       [0]    LCD_D4
0x0008       [0]    LCD_D5
0x0008       [0]    RD1_bit
0x0008       [0]    RD5_bit
0x0008       [0]    RD2_bit
0x0008       [0]    RD3_bit
0x0008       [0]    RD4_bit
0x0009       [1]    PORTE
0x000A       [1]    PCLATH
0x000B       [1]    INTCON
0x000C       [1]    PIR1
0x000E       [1]    TMR1L
0x000F       [1]    TMR1H
0x0010       [1]    T1CON
0x0017       [1]    CCP1CON
0x0020       [1]    ___math_tempb
0x0027       [7]    ?lstr1_laserShooting
0x002E       [2]    _points
0x0030       [2]    _Dcntr
0x0032      [16]    _txt
0x0042       [0]    __Lib_Lcd_cmd_status
0x0043       [2]    _T1overflow
0x0045       [2]    ___DoICPAddr
0x0047       [4]    _T1counts
0x004B       [4]    _Distance
0x004F       [4]    _T1time
0x0053       [1]    ___saveSTATUS
0x0054       [1]    ___savePCLATH
0x0055       [1]    FARG_Lcd_Out_row
0x0055       [2]    FARG_IntToStr_input
0x0056       [1]    FARG_Lcd_Out_column
0x0057       [1]    FARG_IntToStr_output
0x0057       [1]    FARG_Lcd_Out_text
0x0058       [1]    Lcd_Out_i_L0
0x0058       [2]    IntToStr_i_L0
0x005A       [2]    IntToStr_negative_L0
0x005C       [2]    IntToStr_inword_L0
0x005E       [1]    FARG_Lcd_Chr_CP_out_char
0x005E       [2]    FARG_WordToStr_input
0x0060       [1]    FARG_WordToStr_output
0x0061       [1]    WordToStr_len_L0
0x0062       [1]    FLOC__WordToStr
0x0063       [1]    FARG_Lcd_Cmd_out_char
0x0070       [1]    R0
0x0071       [1]    R1
0x0072       [1]    R2
0x0073       [1]    R3
0x0074       [1]    R4
0x0075       [1]    R5
0x0076       [1]    R6
0x0077       [1]    R7
0x0078       [1]    R8
0x0079       [1]    R9
0x007A       [1]    R10
0x007B       [1]    R11
0x007C       [1]    R12
0x007D       [1]    R13
0x007E       [1]    R14
0x007F       [1]    R15
0x0081       [1]    OPTION_REG
0x0085       [1]    TRISA
0x0086       [1]    TRISB
0x0087       [1]    TRISC
0x0088       [0]    TRISD5_bit
0x0088       [0]    TRISD4_bit
0x0088       [0]    LCD_D4_Direction
0x0088       [0]    LCD_EN_Direction
0x0088       [0]    LCD_D7_Direction
0x0088       [0]    LCD_D5_Direction
0x0088       [0]    LCD_D6_Direction
0x0088       [0]    LCD_RS_Direction
0x0088       [0]    TRISD2_bit
0x0088       [0]    TRISD3_bit
0x0088       [0]    TRISD1_bit
0x0088       [0]    TRISD0_bit
0x0089       [1]    TRISE
0x008C       [1]    PIE1
0x009F       [1]    ADCON1
